mode: set
github.com/HewlettPackard/galadriel/pkg/harvester/catalog/catalog.go:18.31,20.2 0 0
github.com/HewlettPackard/galadriel/pkg/harvester/catalog/catalog.go:27.68,33.2 2 0
github.com/HewlettPackard/galadriel/pkg/harvester/endpoints/endpoints.go:23.40,24.62 1 0
github.com/HewlettPackard/galadriel/pkg/harvester/endpoints/endpoints.go:28.2,31.8 1 0
github.com/HewlettPackard/galadriel/pkg/harvester/endpoints/endpoints.go:24.62,26.3 1 0
github.com/HewlettPackard/galadriel/pkg/harvester/endpoints/endpoints.go:34.63,37.2 2 0
github.com/HewlettPackard/galadriel/pkg/server/api/management/handler.go:13.98,15.2 1 0
github.com/HewlettPackard/galadriel/pkg/server/api/management/handler.go:18.70,20.2 1 0
github.com/HewlettPackard/galadriel/pkg/server/api/management/handler.go:23.91,25.2 1 0
github.com/HewlettPackard/galadriel/pkg/server/api/management/handler.go:28.91,30.2 1 0
github.com/HewlettPackard/galadriel/pkg/server/api/management/handler.go:33.91,35.2 1 0
github.com/HewlettPackard/galadriel/pkg/harvester/spire/bundleclient.go:16.64,18.2 1 0
github.com/HewlettPackard/galadriel/pkg/harvester/spire/bundleclient.go:24.84,26.16 2 0
github.com/HewlettPackard/galadriel/pkg/harvester/spire/bundleclient.go:30.2,31.16 2 0
github.com/HewlettPackard/galadriel/pkg/harvester/spire/bundleclient.go:35.2,35.26 1 0
github.com/HewlettPackard/galadriel/pkg/harvester/spire/bundleclient.go:26.16,28.3 1 0
github.com/HewlettPackard/galadriel/pkg/harvester/spire/bundleclient.go:31.16,33.3 1 0
github.com/HewlettPackard/galadriel/cmd/server/util/client.go:22.59,24.73 1 0
github.com/HewlettPackard/galadriel/cmd/server/util/client.go:28.2,32.32 2 0
github.com/HewlettPackard/galadriel/cmd/server/util/client.go:24.73,27.4 2 0
github.com/HewlettPackard/galadriel/cmd/server/util/client.go:39.61,42.16 3 0
github.com/HewlettPackard/galadriel/cmd/server/util/client.go:45.2,48.16 3 0
github.com/HewlettPackard/galadriel/cmd/server/util/client.go:51.2,51.23 1 0
github.com/HewlettPackard/galadriel/cmd/server/util/client.go:42.16,44.3 1 0
github.com/HewlettPackard/galadriel/cmd/server/util/client.go:48.16,50.3 1 0
github.com/HewlettPackard/galadriel/cmd/server/cli/cli.go:15.16,17.2 1 0
github.com/HewlettPackard/galadriel/cmd/server/cli/cli.go:19.31,21.2 1 0
github.com/HewlettPackard/galadriel/cmd/server/cli/config.go:32.53,34.19 1 0
github.com/HewlettPackard/galadriel/cmd/server/cli/config.go:38.2,39.16 2 0
github.com/HewlettPackard/galadriel/cmd/server/cli/config.go:43.2,43.31 1 0
github.com/HewlettPackard/galadriel/cmd/server/cli/config.go:34.19,36.3 1 0
github.com/HewlettPackard/galadriel/cmd/server/cli/config.go:39.16,41.3 1 0
github.com/HewlettPackard/galadriel/cmd/server/cli/config.go:47.57,52.16 4 0
github.com/HewlettPackard/galadriel/cmd/server/cli/config.go:56.2,59.16 3 0
github.com/HewlettPackard/galadriel/cmd/server/cli/config.go:63.2,66.16 3 0
github.com/HewlettPackard/galadriel/cmd/server/cli/config.go:52.16,54.3 1 0
github.com/HewlettPackard/galadriel/cmd/server/cli/config.go:59.16,61.3 1 0
github.com/HewlettPackard/galadriel/cmd/server/cli/config.go:69.53,72.65 2 0
github.com/HewlettPackard/galadriel/cmd/server/cli/config.go:76.2,76.26 1 0
github.com/HewlettPackard/galadriel/cmd/server/cli/config.go:80.2,82.21 2 0
github.com/HewlettPackard/galadriel/cmd/server/cli/config.go:72.65,74.3 1 0
github.com/HewlettPackard/galadriel/cmd/server/cli/config.go:76.26,78.3 1 0
github.com/HewlettPackard/galadriel/cmd/server/cli/config.go:85.32,86.34 1 0
github.com/HewlettPackard/galadriel/cmd/server/cli/config.go:90.2,90.30 1 0
github.com/HewlettPackard/galadriel/cmd/server/cli/config.go:94.2,94.31 1 0
github.com/HewlettPackard/galadriel/cmd/server/cli/config.go:86.34,88.3 1 0
github.com/HewlettPackard/galadriel/cmd/server/cli/config.go:90.30,92.3 1 0
github.com/HewlettPackard/galadriel/cmd/server/cli/config.go:94.31,96.3 1 0
github.com/HewlettPackard/galadriel/cmd/harvester/cli/cli.go:22.34,27.2 1 1
github.com/HewlettPackard/galadriel/cmd/harvester/cli/cli.go:29.16,31.16 2 0
github.com/HewlettPackard/galadriel/cmd/harvester/cli/cli.go:35.2,35.10 1 0
github.com/HewlettPackard/galadriel/cmd/harvester/cli/cli.go:31.16,33.3 1 0
github.com/HewlettPackard/galadriel/cmd/harvester/cli/cli.go:38.37,40.2 1 0
github.com/HewlettPackard/galadriel/cmd/harvester/cli/cli.go:42.38,44.16 2 1
github.com/HewlettPackard/galadriel/cmd/harvester/cli/cli.go:48.2,48.12 1 1
github.com/HewlettPackard/galadriel/cmd/harvester/cli/cli.go:44.16,46.3 1 1
github.com/HewlettPackard/galadriel/cmd/harvester/cli/config.go:29.53,31.19 1 0
github.com/HewlettPackard/galadriel/cmd/harvester/cli/config.go:35.2,36.16 2 0
github.com/HewlettPackard/galadriel/cmd/harvester/cli/config.go:40.2,40.31 1 0
github.com/HewlettPackard/galadriel/cmd/harvester/cli/config.go:31.19,33.3 1 0
github.com/HewlettPackard/galadriel/cmd/harvester/cli/config.go:36.16,38.3 1 0
github.com/HewlettPackard/galadriel/cmd/harvester/cli/config.go:44.63,48.16 3 0
github.com/HewlettPackard/galadriel/cmd/harvester/cli/config.go:52.2,58.16 4 0
github.com/HewlettPackard/galadriel/cmd/harvester/cli/config.go:48.16,50.3 1 0
github.com/HewlettPackard/galadriel/cmd/harvester/cli/config.go:61.53,64.65 2 0
github.com/HewlettPackard/galadriel/cmd/harvester/cli/config.go:68.2,68.29 1 0
github.com/HewlettPackard/galadriel/cmd/harvester/cli/config.go:72.2,74.21 2 0
github.com/HewlettPackard/galadriel/cmd/harvester/cli/config.go:64.65,66.3 1 0
github.com/HewlettPackard/galadriel/cmd/harvester/cli/config.go:68.29,70.3 1 0
github.com/HewlettPackard/galadriel/cmd/harvester/cli/config.go:77.32,78.39 1 0
github.com/HewlettPackard/galadriel/cmd/harvester/cli/config.go:78.39,80.3 1 0
github.com/HewlettPackard/galadriel/pkg/common/telemetry/telemetry.go:29.42,33.2 1 0
github.com/HewlettPackard/galadriel/pkg/common/telemetry/telemetry.go:35.60,38.47 2 0
github.com/HewlettPackard/galadriel/pkg/common/telemetry/telemetry.go:43.2,46.12 3 0
github.com/HewlettPackard/galadriel/pkg/common/telemetry/telemetry.go:57.2,58.12 2 0
github.com/HewlettPackard/galadriel/pkg/common/telemetry/telemetry.go:38.47,39.13 1 0
github.com/HewlettPackard/galadriel/pkg/common/telemetry/telemetry.go:46.12,52.17 5 0
github.com/HewlettPackard/galadriel/pkg/common/telemetry/telemetry.go:52.17,53.14 1 0
github.com/HewlettPackard/galadriel/pkg/common/telemetry/telemetry.go:61.56,75.16 4 0
github.com/HewlettPackard/galadriel/pkg/common/telemetry/telemetry.go:79.2,81.17 2 0
github.com/HewlettPackard/galadriel/pkg/common/telemetry/telemetry.go:75.16,76.13 1 0
github.com/HewlettPackard/galadriel/pkg/common/telemetry/telemetry.go:84.59,86.2 1 0
github.com/HewlettPackard/galadriel/pkg/common/telemetry/telemetry.go:88.64,94.2 4 0
github.com/HewlettPackard/galadriel/pkg/harvester/api/api.go:24.64,30.2 1 0
github.com/HewlettPackard/galadriel/pkg/harvester/api/api.go:32.50,38.2 3 0
github.com/HewlettPackard/galadriel/pkg/harvester/api/api.go:40.88,43.2 2 0
github.com/HewlettPackard/galadriel/pkg/harvester/api/api.go:45.78,48.2 2 0
github.com/HewlettPackard/galadriel/cmd/harvester/main.go:9.13,11.2 1 0
github.com/HewlettPackard/galadriel/cmd/server/main.go:9.13,11.2 1 0
github.com/HewlettPackard/galadriel/pkg/common/util/token.go:8.38,10.16 2 0
github.com/HewlettPackard/galadriel/pkg/common/util/token.go:13.2,13.28 1 0
github.com/HewlettPackard/galadriel/pkg/common/util/token.go:10.16,12.3 1 0
github.com/HewlettPackard/galadriel/pkg/server/api/management/management.gen.go:226.88,234.16 4 0
github.com/HewlettPackard/galadriel/pkg/server/api/management/management.gen.go:240.2,241.16 2 0
github.com/HewlettPackard/galadriel/pkg/server/api/management/management.gen.go:247.2,248.16 2 0
github.com/HewlettPackard/galadriel/pkg/server/api/management/management.gen.go:254.2,255.16 2 0
github.com/HewlettPackard/galadriel/pkg/server/api/management/management.gen.go:260.2,261.12 2 0
github.com/HewlettPackard/galadriel/pkg/server/api/management/management.gen.go:234.16,236.3 1 0
github.com/HewlettPackard/galadriel/pkg/server/api/management/management.gen.go:241.16,243.3 1 0
github.com/HewlettPackard/galadriel/pkg/server/api/management/management.gen.go:248.16,250.3 1 0
github.com/HewlettPackard/galadriel/pkg/server/api/management/management.gen.go:255.16,257.3 1 0
github.com/HewlettPackard/galadriel/pkg/server/api/management/management.gen.go:265.90,271.2 3 0
github.com/HewlettPackard/galadriel/pkg/server/api/management/management.gen.go:274.90,280.16 4 0
github.com/HewlettPackard/galadriel/pkg/server/api/management/management.gen.go:285.2,286.12 2 0
github.com/HewlettPackard/galadriel/pkg/server/api/management/management.gen.go:280.16,282.3 1 0
github.com/HewlettPackard/galadriel/pkg/server/api/management/management.gen.go:290.91,296.16 4 0
github.com/HewlettPackard/galadriel/pkg/server/api/management/management.gen.go:301.2,302.12 2 0
github.com/HewlettPackard/galadriel/pkg/server/api/management/management.gen.go:296.16,298.3 1 0
github.com/HewlettPackard/galadriel/pkg/server/api/management/management.gen.go:306.90,312.16 4 0
github.com/HewlettPackard/galadriel/pkg/server/api/management/management.gen.go:317.2,318.12 2 0
github.com/HewlettPackard/galadriel/pkg/server/api/management/management.gen.go:312.16,314.3 1 0
github.com/HewlettPackard/galadriel/pkg/server/api/management/management.gen.go:322.78,330.16 4 0
github.com/HewlettPackard/galadriel/pkg/server/api/management/management.gen.go:336.2,337.16 2 0
github.com/HewlettPackard/galadriel/pkg/server/api/management/management.gen.go:343.2,344.16 2 0
github.com/HewlettPackard/galadriel/pkg/server/api/management/management.gen.go:349.2,350.12 2 0
github.com/HewlettPackard/galadriel/pkg/server/api/management/management.gen.go:330.16,332.3 1 0
github.com/HewlettPackard/galadriel/pkg/server/api/management/management.gen.go:337.16,339.3 1 0
github.com/HewlettPackard/galadriel/pkg/server/api/management/management.gen.go:344.16,346.3 1 0
github.com/HewlettPackard/galadriel/pkg/server/api/management/management.gen.go:354.80,360.2 3 0
github.com/HewlettPackard/galadriel/pkg/server/api/management/management.gen.go:363.80,369.16 4 0
github.com/HewlettPackard/galadriel/pkg/server/api/management/management.gen.go:374.2,375.12 2 0
github.com/HewlettPackard/galadriel/pkg/server/api/management/management.gen.go:369.16,371.3 1 0
github.com/HewlettPackard/galadriel/pkg/server/api/management/management.gen.go:379.81,385.16 4 0
github.com/HewlettPackard/galadriel/pkg/server/api/management/management.gen.go:390.2,391.12 2 0
github.com/HewlettPackard/galadriel/pkg/server/api/management/management.gen.go:385.16,387.3 1 0
github.com/HewlettPackard/galadriel/pkg/server/api/management/management.gen.go:395.80,401.16 4 0
github.com/HewlettPackard/galadriel/pkg/server/api/management/management.gen.go:406.2,407.12 2 0
github.com/HewlettPackard/galadriel/pkg/server/api/management/management.gen.go:401.16,403.3 1 0
github.com/HewlettPackard/galadriel/pkg/server/api/management/management.gen.go:411.85,419.16 4 0
github.com/HewlettPackard/galadriel/pkg/server/api/management/management.gen.go:425.2,426.16 2 0
github.com/HewlettPackard/galadriel/pkg/server/api/management/management.gen.go:432.2,433.16 2 0
github.com/HewlettPackard/galadriel/pkg/server/api/management/management.gen.go:439.2,440.16 2 0
github.com/HewlettPackard/galadriel/pkg/server/api/management/management.gen.go:445.2,446.12 2 0
github.com/HewlettPackard/galadriel/pkg/server/api/management/management.gen.go:419.16,421.3 1 0
github.com/HewlettPackard/galadriel/pkg/server/api/management/management.gen.go:426.16,428.3 1 0
github.com/HewlettPackard/galadriel/pkg/server/api/management/management.gen.go:433.16,435.3 1 0
github.com/HewlettPackard/galadriel/pkg/server/api/management/management.gen.go:440.16,442.3 1 0
github.com/HewlettPackard/galadriel/pkg/server/api/management/management.gen.go:450.87,456.2 3 0
github.com/HewlettPackard/galadriel/pkg/server/api/management/management.gen.go:459.88,465.16 4 0
github.com/HewlettPackard/galadriel/pkg/server/api/management/management.gen.go:470.2,471.12 2 0
github.com/HewlettPackard/galadriel/pkg/server/api/management/management.gen.go:465.16,467.3 1 0
github.com/HewlettPackard/galadriel/pkg/server/api/management/management.gen.go:475.91,481.16 4 0
github.com/HewlettPackard/galadriel/pkg/server/api/management/management.gen.go:486.2,487.12 2 0
github.com/HewlettPackard/galadriel/pkg/server/api/management/management.gen.go:481.16,483.3 1 0
github.com/HewlettPackard/galadriel/pkg/server/api/management/management.gen.go:491.75,499.16 4 0
github.com/HewlettPackard/galadriel/pkg/server/api/management/management.gen.go:504.2,505.12 2 0
github.com/HewlettPackard/galadriel/pkg/server/api/management/management.gen.go:499.16,501.3 1 0
github.com/HewlettPackard/galadriel/pkg/server/api/management/management.gen.go:509.77,515.2 3 0
github.com/HewlettPackard/galadriel/pkg/server/api/management/management.gen.go:518.77,524.16 4 0
github.com/HewlettPackard/galadriel/pkg/server/api/management/management.gen.go:529.2,530.12 2 0
github.com/HewlettPackard/galadriel/pkg/server/api/management/management.gen.go:524.16,526.3 1 0
github.com/HewlettPackard/galadriel/pkg/server/api/management/management.gen.go:534.69,540.16 4 0
github.com/HewlettPackard/galadriel/pkg/server/api/management/management.gen.go:545.2,546.12 2 0
github.com/HewlettPackard/galadriel/pkg/server/api/management/management.gen.go:540.16,542.3 1 0
github.com/HewlettPackard/galadriel/pkg/server/api/management/management.gen.go:550.76,556.16 4 0
github.com/HewlettPackard/galadriel/pkg/server/api/management/management.gen.go:561.2,562.12 2 0
github.com/HewlettPackard/galadriel/pkg/server/api/management/management.gen.go:556.16,558.3 1 0
github.com/HewlettPackard/galadriel/pkg/server/api/management/management.gen.go:566.74,574.16 4 0
github.com/HewlettPackard/galadriel/pkg/server/api/management/management.gen.go:580.2,581.16 2 0
github.com/HewlettPackard/galadriel/pkg/server/api/management/management.gen.go:586.2,587.12 2 0
github.com/HewlettPackard/galadriel/pkg/server/api/management/management.gen.go:574.16,576.3 1 0
github.com/HewlettPackard/galadriel/pkg/server/api/management/management.gen.go:581.16,583.3 1 0
github.com/HewlettPackard/galadriel/pkg/server/api/management/management.gen.go:591.76,597.2 3 0
github.com/HewlettPackard/galadriel/pkg/server/api/management/management.gen.go:600.76,606.16 4 0
github.com/HewlettPackard/galadriel/pkg/server/api/management/management.gen.go:611.2,612.12 2 0
github.com/HewlettPackard/galadriel/pkg/server/api/management/management.gen.go:606.16,608.3 1 0
github.com/HewlettPackard/galadriel/pkg/server/api/management/management.gen.go:616.76,622.16 4 0
github.com/HewlettPackard/galadriel/pkg/server/api/management/management.gen.go:627.2,628.12 2 0
github.com/HewlettPackard/galadriel/pkg/server/api/management/management.gen.go:622.16,624.3 1 0
github.com/HewlettPackard/galadriel/pkg/server/api/management/management.gen.go:632.76,638.16 4 0
github.com/HewlettPackard/galadriel/pkg/server/api/management/management.gen.go:643.2,644.12 2 0
github.com/HewlettPackard/galadriel/pkg/server/api/management/management.gen.go:638.16,640.3 1 0
github.com/HewlettPackard/galadriel/pkg/server/api/management/management.gen.go:663.62,665.2 1 0
github.com/HewlettPackard/galadriel/pkg/server/api/management/management.gen.go:669.89,700.2 25 0
github.com/HewlettPackard/galadriel/cmd/harvester/cli/management.go:7.41,13.2 1 1
github.com/HewlettPackard/galadriel/cmd/harvester/cli/management.go:15.13,18.2 2 1
github.com/HewlettPackard/galadriel/pkg/server/datastore/datastore.go:27.30,32.2 1 0
github.com/HewlettPackard/galadriel/pkg/server/datastore/datastore.go:34.85,39.2 4 0
github.com/HewlettPackard/galadriel/pkg/server/datastore/datastore.go:41.94,44.29 3 0
github.com/HewlettPackard/galadriel/pkg/server/datastore/datastore.go:50.2,50.43 1 0
github.com/HewlettPackard/galadriel/pkg/server/datastore/datastore.go:44.29,45.23 1 0
github.com/HewlettPackard/galadriel/pkg/server/datastore/datastore.go:45.23,47.4 1 0
github.com/HewlettPackard/galadriel/pkg/server/datastore/datastore.go:53.79,57.16 4 0
github.com/HewlettPackard/galadriel/pkg/server/datastore/datastore.go:60.2,61.12 2 0
github.com/HewlettPackard/galadriel/pkg/server/datastore/datastore.go:57.16,59.3 1 0
github.com/HewlettPackard/galadriel/pkg/server/datastore/datastore.go:64.56,65.29 1 0
github.com/HewlettPackard/galadriel/pkg/server/datastore/datastore.go:70.2,70.41 1 0
github.com/HewlettPackard/galadriel/pkg/server/datastore/datastore.go:65.29,66.23 1 0
github.com/HewlettPackard/galadriel/pkg/server/datastore/datastore.go:66.23,68.4 1 0
github.com/HewlettPackard/galadriel/pkg/server/datastore/datastore.go:73.62,75.2 1 0
github.com/HewlettPackard/galadriel/pkg/common/telemetry/metrics.go:7.67,17.16 6 0
github.com/HewlettPackard/galadriel/pkg/common/telemetry/metrics.go:21.2,21.22 1 0
github.com/HewlettPackard/galadriel/pkg/common/telemetry/metrics.go:25.2,25.36 1 0
github.com/HewlettPackard/galadriel/pkg/common/telemetry/metrics.go:17.16,18.13 1 0
github.com/HewlettPackard/galadriel/pkg/common/telemetry/metrics.go:21.22,23.3 1 0
github.com/HewlettPackard/galadriel/pkg/common/util/task.go:12.79,15.15 3 0
github.com/HewlettPackard/galadriel/pkg/common/util/task.go:20.2,22.64 2 0
github.com/HewlettPackard/galadriel/pkg/common/util/task.go:32.2,33.29 2 0
github.com/HewlettPackard/galadriel/pkg/common/util/task.go:40.2,40.44 1 0
github.com/HewlettPackard/galadriel/pkg/common/util/task.go:52.2,52.12 1 0
github.com/HewlettPackard/galadriel/pkg/common/util/task.go:15.15,18.3 2 0
github.com/HewlettPackard/galadriel/pkg/common/util/task.go:22.64,23.16 1 0
github.com/HewlettPackard/galadriel/pkg/common/util/task.go:29.3,29.19 1 0
github.com/HewlettPackard/galadriel/pkg/common/util/task.go:23.16,24.32 1 0
github.com/HewlettPackard/galadriel/pkg/common/util/task.go:27.4,27.13 1 0
github.com/HewlettPackard/galadriel/pkg/common/util/task.go:24.32,26.5 1 0
github.com/HewlettPackard/galadriel/pkg/common/util/task.go:33.29,35.13 2 0
github.com/HewlettPackard/galadriel/pkg/common/util/task.go:35.13,37.4 1 0
github.com/HewlettPackard/galadriel/pkg/common/util/task.go:40.44,41.10 1 0
github.com/HewlettPackard/galadriel/pkg/common/util/task.go:42.21,43.20 1 0
github.com/HewlettPackard/galadriel/pkg/common/util/task.go:44.23,45.18 1 0
github.com/HewlettPackard/galadriel/pkg/common/util/task.go:48.4,48.14 1 0
github.com/HewlettPackard/galadriel/pkg/common/util/task.go:45.18,47.5 1 0
github.com/HewlettPackard/galadriel/pkg/harvester/controller/controller.go:29.96,32.16 3 0
github.com/HewlettPackard/galadriel/pkg/harvester/controller/controller.go:36.2,40.8 1 0
github.com/HewlettPackard/galadriel/pkg/harvester/controller/controller.go:32.16,34.3 1 0
github.com/HewlettPackard/galadriel/pkg/harvester/controller/controller.go:43.62,50.2 4 0
github.com/HewlettPackard/galadriel/pkg/harvester/controller/controller.go:52.56,53.6 1 0
github.com/HewlettPackard/galadriel/pkg/harvester/controller/controller.go:53.6,54.10 1 0
github.com/HewlettPackard/galadriel/pkg/harvester/controller/controller.go:55.21,57.10 2 0
github.com/HewlettPackard/galadriel/cmd/server/cli/run.go:17.33,22.55 1 1
github.com/HewlettPackard/galadriel/cmd/server/cli/run.go:22.55,24.18 2 0
github.com/HewlettPackard/galadriel/cmd/server/cli/run.go:28.4,34.18 5 0
github.com/HewlettPackard/galadriel/cmd/server/cli/run.go:38.4,39.14 2 0
github.com/HewlettPackard/galadriel/cmd/server/cli/run.go:24.18,26.5 1 0
github.com/HewlettPackard/galadriel/cmd/server/cli/run.go:34.18,36.5 1 0
github.com/HewlettPackard/galadriel/cmd/server/cli/run.go:44.61,46.16 2 0
github.com/HewlettPackard/galadriel/cmd/server/cli/run.go:50.2,50.22 1 0
github.com/HewlettPackard/galadriel/cmd/server/cli/run.go:54.2,55.16 2 0
github.com/HewlettPackard/galadriel/cmd/server/cli/run.go:58.2,61.16 3 0
github.com/HewlettPackard/galadriel/cmd/server/cli/run.go:65.2,66.16 2 0
github.com/HewlettPackard/galadriel/cmd/server/cli/run.go:70.2,70.16 1 0
github.com/HewlettPackard/galadriel/cmd/server/cli/run.go:46.16,48.3 1 0
github.com/HewlettPackard/galadriel/cmd/server/cli/run.go:50.22,52.3 1 0
github.com/HewlettPackard/galadriel/cmd/server/cli/run.go:55.16,57.3 1 0
github.com/HewlettPackard/galadriel/cmd/server/cli/run.go:61.16,63.3 1 0
github.com/HewlettPackard/galadriel/cmd/server/cli/run.go:66.16,68.3 1 0
github.com/HewlettPackard/galadriel/cmd/server/cli/run.go:73.13,78.2 3 1
github.com/HewlettPackard/galadriel/cmd/harvester/cli/run.go:15.33,20.55 1 1
github.com/HewlettPackard/galadriel/cmd/harvester/cli/run.go:20.55,23.18 2 0
github.com/HewlettPackard/galadriel/cmd/harvester/cli/run.go:27.4,33.18 5 0
github.com/HewlettPackard/galadriel/cmd/harvester/cli/run.go:37.4,38.14 2 0
github.com/HewlettPackard/galadriel/cmd/harvester/cli/run.go:23.18,25.5 1 0
github.com/HewlettPackard/galadriel/cmd/harvester/cli/run.go:33.18,35.5 1 0
github.com/HewlettPackard/galadriel/cmd/harvester/cli/run.go:43.64,45.16 2 0
github.com/HewlettPackard/galadriel/cmd/harvester/cli/run.go:49.2,49.22 1 0
github.com/HewlettPackard/galadriel/cmd/harvester/cli/run.go:53.2,54.16 2 0
github.com/HewlettPackard/galadriel/cmd/harvester/cli/run.go:58.2,59.16 2 0
github.com/HewlettPackard/galadriel/cmd/harvester/cli/run.go:62.2,65.16 3 0
github.com/HewlettPackard/galadriel/cmd/harvester/cli/run.go:69.2,70.16 2 0
github.com/HewlettPackard/galadriel/cmd/harvester/cli/run.go:74.2,76.16 2 0
github.com/HewlettPackard/galadriel/cmd/harvester/cli/run.go:45.16,47.3 1 0
github.com/HewlettPackard/galadriel/cmd/harvester/cli/run.go:49.22,51.3 1 0
github.com/HewlettPackard/galadriel/cmd/harvester/cli/run.go:54.16,56.3 1 0
github.com/HewlettPackard/galadriel/cmd/harvester/cli/run.go:59.16,61.3 1 0
github.com/HewlettPackard/galadriel/cmd/harvester/cli/run.go:65.16,67.3 1 0
github.com/HewlettPackard/galadriel/cmd/harvester/cli/run.go:70.16,72.3 1 0
github.com/HewlettPackard/galadriel/cmd/harvester/cli/run.go:79.13,84.2 4 1
github.com/HewlettPackard/galadriel/pkg/harvester/client/server.go:26.78,36.2 2 0
github.com/HewlettPackard/galadriel/pkg/harvester/client/server.go:38.67,41.16 3 0
github.com/HewlettPackard/galadriel/pkg/harvester/client/server.go:44.2,47.16 3 0
github.com/HewlettPackard/galadriel/pkg/harvester/client/server.go:50.2,52.28 2 0
github.com/HewlettPackard/galadriel/pkg/harvester/client/server.go:56.2,58.12 3 0
github.com/HewlettPackard/galadriel/pkg/harvester/client/server.go:41.16,43.3 1 0
github.com/HewlettPackard/galadriel/pkg/harvester/client/server.go:47.16,49.3 1 0
github.com/HewlettPackard/galadriel/pkg/harvester/client/server.go:52.28,54.3 1 0
github.com/HewlettPackard/galadriel/pkg/harvester/client/server.go:61.68,63.2 1 0
github.com/HewlettPackard/galadriel/pkg/harvester/client/server.go:65.75,67.2 1 0
github.com/HewlettPackard/galadriel/pkg/server/catalog/catalog.go:20.57,22.2 1 0
github.com/HewlettPackard/galadriel/pkg/server/catalog/catalog.go:24.31,26.2 0 0
github.com/HewlettPackard/galadriel/pkg/server/catalog/catalog.go:33.68,42.2 3 0
github.com/HewlettPackard/galadriel/pkg/harvester/harvester.go:23.37,27.2 1 0
github.com/HewlettPackard/galadriel/pkg/harvester/harvester.go:30.52,34.17 3 0
github.com/HewlettPackard/galadriel/pkg/harvester/harvester.go:38.2,39.16 2 0
github.com/HewlettPackard/galadriel/pkg/harvester/harvester.go:43.2,44.16 2 0
github.com/HewlettPackard/galadriel/pkg/harvester/harvester.go:48.2,55.16 3 0
github.com/HewlettPackard/galadriel/pkg/harvester/harvester.go:59.2,64.38 3 0
github.com/HewlettPackard/galadriel/pkg/harvester/harvester.go:67.2,67.12 1 0
github.com/HewlettPackard/galadriel/pkg/harvester/harvester.go:34.17,36.3 1 0
github.com/HewlettPackard/galadriel/pkg/harvester/harvester.go:39.16,41.3 1 0
github.com/HewlettPackard/galadriel/pkg/harvester/harvester.go:44.16,46.3 1 0
github.com/HewlettPackard/galadriel/pkg/harvester/harvester.go:55.16,57.3 1 0
github.com/HewlettPackard/galadriel/pkg/harvester/harvester.go:64.38,66.3 1 0
github.com/HewlettPackard/galadriel/pkg/harvester/harvester.go:70.29,72.2 0 0
github.com/HewlettPackard/galadriel/cmd/server/cli/root.go:10.34,15.2 1 0
github.com/HewlettPackard/galadriel/cmd/server/cli/root.go:17.20,19.16 2 0
github.com/HewlettPackard/galadriel/cmd/server/cli/root.go:23.2,23.10 1 0
github.com/HewlettPackard/galadriel/cmd/server/cli/root.go:19.16,21.3 1 0
github.com/HewlettPackard/galadriel/pkg/common/util/addr.go:12.65,14.16 2 0
github.com/HewlettPackard/galadriel/pkg/common/util/addr.go:18.2,21.8 1 0
github.com/HewlettPackard/galadriel/pkg/common/util/addr.go:14.16,16.3 1 0
github.com/HewlettPackard/galadriel/pkg/common/util/addr.go:25.49,26.76 1 0
github.com/HewlettPackard/galadriel/pkg/common/util/addr.go:30.2,30.12 1 0
github.com/HewlettPackard/galadriel/pkg/common/util/addr.go:26.76,28.3 1 0
github.com/HewlettPackard/galadriel/pkg/harvester/spire/spire.go:33.78,35.16 2 0
github.com/HewlettPackard/galadriel/pkg/harvester/spire/spire.go:39.2,42.3 1 0
github.com/HewlettPackard/galadriel/pkg/harvester/spire/spire.go:35.16,36.13 1 0
github.com/HewlettPackard/galadriel/pkg/harvester/spire/spire.go:45.89,47.16 2 0
github.com/HewlettPackard/galadriel/pkg/harvester/spire/spire.go:51.2,51.20 1 0
github.com/HewlettPackard/galadriel/pkg/harvester/spire/spire.go:47.16,49.3 1 0
github.com/HewlettPackard/galadriel/pkg/harvester/spire/spire.go:56.91,59.26 2 0
github.com/HewlettPackard/galadriel/pkg/harvester/spire/spire.go:64.2,65.16 2 0
github.com/HewlettPackard/galadriel/pkg/harvester/spire/spire.go:69.2,70.16 2 0
github.com/HewlettPackard/galadriel/pkg/harvester/spire/spire.go:74.2,74.20 1 0
github.com/HewlettPackard/galadriel/pkg/harvester/spire/spire.go:59.26,61.3 1 0
github.com/HewlettPackard/galadriel/pkg/harvester/spire/spire.go:61.8,63.3 1 0
github.com/HewlettPackard/galadriel/pkg/harvester/spire/spire.go:65.16,67.3 1 0
github.com/HewlettPackard/galadriel/pkg/harvester/spire/spire.go:70.16,72.3 1 0
github.com/HewlettPackard/galadriel/pkg/harvester/spire/spire.go:77.67,78.23 1 0
github.com/HewlettPackard/galadriel/pkg/harvester/spire/spire.go:82.2,86.8 1 0
github.com/HewlettPackard/galadriel/pkg/harvester/spire/spire.go:78.23,80.3 1 0
github.com/HewlettPackard/galadriel/pkg/server/endpoints/endpoints.go:33.41,34.62 1 0
github.com/HewlettPackard/galadriel/pkg/server/endpoints/endpoints.go:38.2,43.8 1 0
github.com/HewlettPackard/galadriel/pkg/server/endpoints/endpoints.go:34.62,36.3 1 0
github.com/HewlettPackard/galadriel/pkg/server/endpoints/endpoints.go:46.63,53.16 3 0
github.com/HewlettPackard/galadriel/pkg/server/endpoints/endpoints.go:57.2,57.12 1 0
github.com/HewlettPackard/galadriel/pkg/server/endpoints/endpoints.go:53.16,55.3 1 0
github.com/HewlettPackard/galadriel/pkg/server/endpoints/endpoints.go:60.61,63.54 2 0
github.com/HewlettPackard/galadriel/pkg/server/endpoints/endpoints.go:74.2,76.12 3 0
github.com/HewlettPackard/galadriel/pkg/server/endpoints/endpoints.go:80.2,81.9 2 0
github.com/HewlettPackard/galadriel/pkg/server/endpoints/endpoints.go:63.54,66.17 3 0
github.com/HewlettPackard/galadriel/pkg/server/endpoints/endpoints.go:69.3,69.47 1 0
github.com/HewlettPackard/galadriel/pkg/server/endpoints/endpoints.go:66.17,68.4 1 0
github.com/HewlettPackard/galadriel/pkg/server/endpoints/endpoints.go:76.12,78.3 1 0
github.com/HewlettPackard/galadriel/pkg/server/endpoints/endpoints.go:82.23,84.13 2 0
github.com/HewlettPackard/galadriel/pkg/server/endpoints/endpoints.go:85.20,90.13 5 0
github.com/HewlettPackard/galadriel/pkg/server/endpoints/endpoints.go:95.56,97.26 2 0
github.com/HewlettPackard/galadriel/pkg/server/endpoints/endpoints.go:100.2,105.12 4 0
github.com/HewlettPackard/galadriel/pkg/server/endpoints/endpoints.go:97.26,99.3 1 0
github.com/HewlettPackard/galadriel/pkg/server/endpoints/endpoints.go:108.61,112.16 3 0
github.com/HewlettPackard/galadriel/pkg/server/endpoints/endpoints.go:115.2,121.12 5 0
github.com/HewlettPackard/galadriel/pkg/server/endpoints/endpoints.go:125.2,125.9 1 0
github.com/HewlettPackard/galadriel/pkg/server/endpoints/endpoints.go:112.16,114.3 1 0
github.com/HewlettPackard/galadriel/pkg/server/endpoints/endpoints.go:121.12,123.3 1 0
github.com/HewlettPackard/galadriel/pkg/server/endpoints/endpoints.go:126.23,128.13 2 0
github.com/HewlettPackard/galadriel/pkg/server/endpoints/endpoints.go:129.20,134.13 5 0
github.com/HewlettPackard/galadriel/pkg/server/endpoints/endpoints.go:138.54,140.2 1 0
github.com/HewlettPackard/galadriel/pkg/server/endpoints/endpoints.go:142.63,143.73 1 0
github.com/HewlettPackard/galadriel/pkg/server/endpoints/endpoints.go:143.73,146.17 2 0
github.com/HewlettPackard/galadriel/pkg/server/endpoints/endpoints.go:152.3,158.17 3 0
github.com/HewlettPackard/galadriel/pkg/server/endpoints/endpoints.go:164.3,165.17 2 0
github.com/HewlettPackard/galadriel/pkg/server/endpoints/endpoints.go:146.17,150.4 3 0
github.com/HewlettPackard/galadriel/pkg/server/endpoints/endpoints.go:158.17,162.4 3 0
github.com/HewlettPackard/galadriel/pkg/server/endpoints/endpoints.go:165.17,169.4 3 0
github.com/HewlettPackard/galadriel/pkg/server/api/harvester/harvester.gen.go:48.85,56.16 4 0
github.com/HewlettPackard/galadriel/pkg/server/api/harvester/harvester.gen.go:62.2,63.16 2 0
github.com/HewlettPackard/galadriel/pkg/server/api/harvester/harvester.gen.go:69.2,70.16 2 0
github.com/HewlettPackard/galadriel/pkg/server/api/harvester/harvester.gen.go:75.2,76.12 2 0
github.com/HewlettPackard/galadriel/pkg/server/api/harvester/harvester.gen.go:56.16,58.3 1 0
github.com/HewlettPackard/galadriel/pkg/server/api/harvester/harvester.gen.go:63.16,65.3 1 0
github.com/HewlettPackard/galadriel/pkg/server/api/harvester/harvester.gen.go:70.16,72.3 1 0
github.com/HewlettPackard/galadriel/pkg/server/api/harvester/harvester.gen.go:80.78,86.16 4 0
github.com/HewlettPackard/galadriel/pkg/server/api/harvester/harvester.gen.go:91.2,92.12 2 0
github.com/HewlettPackard/galadriel/pkg/server/api/harvester/harvester.gen.go:86.16,88.3 1 0
github.com/HewlettPackard/galadriel/pkg/server/api/harvester/harvester.gen.go:96.92,102.16 4 0
github.com/HewlettPackard/galadriel/pkg/server/api/harvester/harvester.gen.go:107.2,108.12 2 0
github.com/HewlettPackard/galadriel/pkg/server/api/harvester/harvester.gen.go:102.16,104.3 1 0
github.com/HewlettPackard/galadriel/pkg/server/api/harvester/harvester.gen.go:112.76,118.16 4 0
github.com/HewlettPackard/galadriel/pkg/server/api/harvester/harvester.gen.go:123.2,124.12 2 0
github.com/HewlettPackard/galadriel/pkg/server/api/harvester/harvester.gen.go:118.16,120.3 1 0
github.com/HewlettPackard/galadriel/pkg/server/api/harvester/harvester.gen.go:143.62,145.2 1 0
github.com/HewlettPackard/galadriel/pkg/server/api/harvester/harvester.gen.go:149.89,160.2 5 0
github.com/HewlettPackard/galadriel/cmd/server/cli/generate.go:16.54,19.17 3 0
github.com/HewlettPackard/galadriel/cmd/server/cli/generate.go:23.3,24.13 2 0
github.com/HewlettPackard/galadriel/cmd/server/cli/generate.go:19.17,21.4 1 0
github.com/HewlettPackard/galadriel/cmd/server/cli/generate.go:28.13,31.2 2 1
github.com/HewlettPackard/galadriel/pkg/harvester/spire/proto.go:14.71,15.15 1 0
github.com/HewlettPackard/galadriel/pkg/harvester/spire/proto.go:19.2,20.16 2 0
github.com/HewlettPackard/galadriel/pkg/harvester/spire/proto.go:24.2,25.16 2 0
github.com/HewlettPackard/galadriel/pkg/harvester/spire/proto.go:29.2,30.16 2 0
github.com/HewlettPackard/galadriel/pkg/harvester/spire/proto.go:34.2,39.25 4 0
github.com/HewlettPackard/galadriel/pkg/harvester/spire/proto.go:42.2,42.28 1 0
github.com/HewlettPackard/galadriel/pkg/harvester/spire/proto.go:46.2,46.17 1 0
github.com/HewlettPackard/galadriel/pkg/harvester/spire/proto.go:15.15,17.3 1 0
github.com/HewlettPackard/galadriel/pkg/harvester/spire/proto.go:20.16,22.3 1 0
github.com/HewlettPackard/galadriel/pkg/harvester/spire/proto.go:25.16,27.3 1 0
github.com/HewlettPackard/galadriel/pkg/harvester/spire/proto.go:30.16,32.3 1 0
github.com/HewlettPackard/galadriel/pkg/harvester/spire/proto.go:39.25,41.3 1 0
github.com/HewlettPackard/galadriel/pkg/harvester/spire/proto.go:42.28,44.3 1 0
github.com/HewlettPackard/galadriel/pkg/harvester/spire/proto.go:49.91,52.24 2 0
github.com/HewlettPackard/galadriel/pkg/harvester/spire/proto.go:60.2,60.17 1 0
github.com/HewlettPackard/galadriel/pkg/harvester/spire/proto.go:52.24,54.17 2 0
github.com/HewlettPackard/galadriel/pkg/harvester/spire/proto.go:57.3,57.26 1 0
github.com/HewlettPackard/galadriel/pkg/harvester/spire/proto.go:54.17,56.4 1 0
github.com/HewlettPackard/galadriel/pkg/harvester/spire/proto.go:63.88,66.26 2 0
github.com/HewlettPackard/galadriel/pkg/harvester/spire/proto.go:74.2,74.17 1 0
github.com/HewlettPackard/galadriel/pkg/harvester/spire/proto.go:66.26,68.17 2 0
github.com/HewlettPackard/galadriel/pkg/harvester/spire/proto.go:71.3,71.24 1 0
github.com/HewlettPackard/galadriel/pkg/harvester/spire/proto.go:68.17,70.4 1 0
github.com/HewlettPackard/galadriel/pkg/server/server.go:18.34,20.2 1 0
github.com/HewlettPackard/galadriel/pkg/server/server.go:23.49,24.35 1 0
github.com/HewlettPackard/galadriel/pkg/server/server.go:27.2,27.12 1 0
github.com/HewlettPackard/galadriel/pkg/server/server.go:24.35,26.3 1 0
github.com/HewlettPackard/galadriel/pkg/server/server.go:30.55,32.16 2 0
github.com/HewlettPackard/galadriel/pkg/server/server.go:35.2,38.16 3 0
github.com/HewlettPackard/galadriel/pkg/server/server.go:42.2,47.38 3 0
github.com/HewlettPackard/galadriel/pkg/server/server.go:50.2,50.12 1 0
github.com/HewlettPackard/galadriel/pkg/server/server.go:32.16,34.3 1 0
github.com/HewlettPackard/galadriel/pkg/server/server.go:38.16,40.3 1 0
github.com/HewlettPackard/galadriel/pkg/server/server.go:47.38,49.3 1 0
github.com/HewlettPackard/galadriel/pkg/server/server.go:53.84,62.2 2 0
github.com/HewlettPackard/galadriel/pkg/common/telemetry/metrics.go:7.67,17.16 6 0
github.com/HewlettPackard/galadriel/pkg/common/telemetry/metrics.go:21.2,21.22 1 0
github.com/HewlettPackard/galadriel/pkg/common/telemetry/metrics.go:25.2,25.36 1 0
github.com/HewlettPackard/galadriel/pkg/common/telemetry/metrics.go:17.16,18.13 1 0
github.com/HewlettPackard/galadriel/pkg/common/telemetry/metrics.go:21.22,23.3 1 0
github.com/HewlettPackard/galadriel/pkg/common/util/task.go:12.79,15.15 3 0
github.com/HewlettPackard/galadriel/pkg/common/util/task.go:20.2,22.64 2 0
github.com/HewlettPackard/galadriel/pkg/common/util/task.go:32.2,33.29 2 0
github.com/HewlettPackard/galadriel/pkg/common/util/task.go:40.2,40.44 1 0
github.com/HewlettPackard/galadriel/pkg/common/util/task.go:52.2,52.12 1 0
github.com/HewlettPackard/galadriel/pkg/common/util/task.go:15.15,18.3 2 0
github.com/HewlettPackard/galadriel/pkg/common/util/task.go:22.64,23.16 1 0
github.com/HewlettPackard/galadriel/pkg/common/util/task.go:29.3,29.19 1 0
github.com/HewlettPackard/galadriel/pkg/common/util/task.go:23.16,24.32 1 0
github.com/HewlettPackard/galadriel/pkg/common/util/task.go:27.4,27.13 1 0
github.com/HewlettPackard/galadriel/pkg/common/util/task.go:24.32,26.5 1 0
github.com/HewlettPackard/galadriel/pkg/common/util/task.go:33.29,35.13 2 0
github.com/HewlettPackard/galadriel/pkg/common/util/task.go:35.13,37.4 1 0
github.com/HewlettPackard/galadriel/pkg/common/util/task.go:40.44,41.10 1 0
github.com/HewlettPackard/galadriel/pkg/common/util/task.go:42.21,43.20 1 0
github.com/HewlettPackard/galadriel/pkg/common/util/task.go:44.23,45.18 1 0
github.com/HewlettPackard/galadriel/pkg/common/util/task.go:48.4,48.14 1 0
github.com/HewlettPackard/galadriel/pkg/common/util/task.go:45.18,47.5 1 0
github.com/HewlettPackard/galadriel/pkg/common/util/token.go:8.38,10.16 2 0
github.com/HewlettPackard/galadriel/pkg/common/util/token.go:13.2,13.28 1 0
github.com/HewlettPackard/galadriel/pkg/common/util/token.go:10.16,12.3 1 0
github.com/HewlettPackard/galadriel/pkg/harvester/spire/bundleclient.go:16.64,18.2 1 0
github.com/HewlettPackard/galadriel/pkg/harvester/spire/bundleclient.go:24.84,26.16 2 0
github.com/HewlettPackard/galadriel/pkg/harvester/spire/bundleclient.go:30.2,31.16 2 0
github.com/HewlettPackard/galadriel/pkg/harvester/spire/bundleclient.go:35.2,35.26 1 0
github.com/HewlettPackard/galadriel/pkg/harvester/spire/bundleclient.go:26.16,28.3 1 0
github.com/HewlettPackard/galadriel/pkg/harvester/spire/bundleclient.go:31.16,33.3 1 0
github.com/HewlettPackard/galadriel/cmd/harvester/cli/cli.go:22.34,27.2 1 1
github.com/HewlettPackard/galadriel/cmd/harvester/cli/cli.go:29.16,31.16 2 0
github.com/HewlettPackard/galadriel/cmd/harvester/cli/cli.go:35.2,35.10 1 0
github.com/HewlettPackard/galadriel/cmd/harvester/cli/cli.go:31.16,33.3 1 0
github.com/HewlettPackard/galadriel/cmd/harvester/cli/cli.go:38.37,40.2 1 0
github.com/HewlettPackard/galadriel/cmd/harvester/cli/cli.go:42.38,44.16 2 0
github.com/HewlettPackard/galadriel/cmd/harvester/cli/cli.go:48.2,48.12 1 0
github.com/HewlettPackard/galadriel/cmd/harvester/cli/cli.go:44.16,46.3 1 0
github.com/HewlettPackard/galadriel/cmd/harvester/cli/management.go:7.41,13.2 1 1
github.com/HewlettPackard/galadriel/cmd/harvester/cli/management.go:15.13,18.2 2 1
github.com/HewlettPackard/galadriel/cmd/harvester/cli/run.go:15.33,20.55 1 1
github.com/HewlettPackard/galadriel/cmd/harvester/cli/run.go:20.55,23.18 2 0
github.com/HewlettPackard/galadriel/cmd/harvester/cli/run.go:27.4,33.18 5 0
github.com/HewlettPackard/galadriel/cmd/harvester/cli/run.go:37.4,38.14 2 0
github.com/HewlettPackard/galadriel/cmd/harvester/cli/run.go:23.18,25.5 1 0
github.com/HewlettPackard/galadriel/cmd/harvester/cli/run.go:33.18,35.5 1 0
github.com/HewlettPackard/galadriel/cmd/harvester/cli/run.go:43.64,45.16 2 0
github.com/HewlettPackard/galadriel/cmd/harvester/cli/run.go:49.2,49.22 1 0
github.com/HewlettPackard/galadriel/cmd/harvester/cli/run.go:53.2,54.16 2 0
github.com/HewlettPackard/galadriel/cmd/harvester/cli/run.go:58.2,59.16 2 0
github.com/HewlettPackard/galadriel/cmd/harvester/cli/run.go:62.2,65.16 3 0
github.com/HewlettPackard/galadriel/cmd/harvester/cli/run.go:69.2,70.16 2 0
github.com/HewlettPackard/galadriel/cmd/harvester/cli/run.go:74.2,76.16 2 0
github.com/HewlettPackard/galadriel/cmd/harvester/cli/run.go:45.16,47.3 1 0
github.com/HewlettPackard/galadriel/cmd/harvester/cli/run.go:49.22,51.3 1 0
github.com/HewlettPackard/galadriel/cmd/harvester/cli/run.go:54.16,56.3 1 0
github.com/HewlettPackard/galadriel/cmd/harvester/cli/run.go:59.16,61.3 1 0
github.com/HewlettPackard/galadriel/cmd/harvester/cli/run.go:65.16,67.3 1 0
github.com/HewlettPackard/galadriel/cmd/harvester/cli/run.go:70.16,72.3 1 0
github.com/HewlettPackard/galadriel/cmd/harvester/cli/run.go:79.13,84.2 4 1
github.com/HewlettPackard/galadriel/pkg/server/server.go:18.34,20.2 1 0
github.com/HewlettPackard/galadriel/pkg/server/server.go:23.49,24.35 1 0
github.com/HewlettPackard/galadriel/pkg/server/server.go:27.2,27.12 1 0
github.com/HewlettPackard/galadriel/pkg/server/server.go:24.35,26.3 1 0
github.com/HewlettPackard/galadriel/pkg/server/server.go:30.55,32.16 2 0
github.com/HewlettPackard/galadriel/pkg/server/server.go:35.2,38.16 3 0
github.com/HewlettPackard/galadriel/pkg/server/server.go:42.2,47.38 3 0
github.com/HewlettPackard/galadriel/pkg/server/server.go:50.2,50.12 1 0
github.com/HewlettPackard/galadriel/pkg/server/server.go:32.16,34.3 1 0
github.com/HewlettPackard/galadriel/pkg/server/server.go:38.16,40.3 1 0
github.com/HewlettPackard/galadriel/pkg/server/server.go:47.38,49.3 1 0
github.com/HewlettPackard/galadriel/pkg/server/server.go:53.84,62.2 2 0
github.com/HewlettPackard/galadriel/cmd/server/cli/cli.go:15.16,17.2 1 0
github.com/HewlettPackard/galadriel/cmd/server/cli/cli.go:19.31,21.2 1 0
github.com/HewlettPackard/galadriel/cmd/harvester/main.go:9.13,11.2 1 0
github.com/HewlettPackard/galadriel/pkg/server/endpoints/endpoints.go:33.41,34.62 1 0
github.com/HewlettPackard/galadriel/pkg/server/endpoints/endpoints.go:38.2,43.8 1 0
github.com/HewlettPackard/galadriel/pkg/server/endpoints/endpoints.go:34.62,36.3 1 0
github.com/HewlettPackard/galadriel/pkg/server/endpoints/endpoints.go:46.63,53.16 3 0
github.com/HewlettPackard/galadriel/pkg/server/endpoints/endpoints.go:57.2,57.12 1 0
github.com/HewlettPackard/galadriel/pkg/server/endpoints/endpoints.go:53.16,55.3 1 0
github.com/HewlettPackard/galadriel/pkg/server/endpoints/endpoints.go:60.61,63.54 2 0
github.com/HewlettPackard/galadriel/pkg/server/endpoints/endpoints.go:74.2,76.12 3 0
github.com/HewlettPackard/galadriel/pkg/server/endpoints/endpoints.go:80.2,81.9 2 0
github.com/HewlettPackard/galadriel/pkg/server/endpoints/endpoints.go:63.54,66.17 3 0
github.com/HewlettPackard/galadriel/pkg/server/endpoints/endpoints.go:69.3,69.47 1 0
github.com/HewlettPackard/galadriel/pkg/server/endpoints/endpoints.go:66.17,68.4 1 0
github.com/HewlettPackard/galadriel/pkg/server/endpoints/endpoints.go:76.12,78.3 1 0
github.com/HewlettPackard/galadriel/pkg/server/endpoints/endpoints.go:82.23,84.13 2 0
github.com/HewlettPackard/galadriel/pkg/server/endpoints/endpoints.go:85.20,90.13 5 0
github.com/HewlettPackard/galadriel/pkg/server/endpoints/endpoints.go:95.56,97.26 2 0
github.com/HewlettPackard/galadriel/pkg/server/endpoints/endpoints.go:100.2,105.12 4 0
github.com/HewlettPackard/galadriel/pkg/server/endpoints/endpoints.go:97.26,99.3 1 0
github.com/HewlettPackard/galadriel/pkg/server/endpoints/endpoints.go:108.61,112.16 3 0
github.com/HewlettPackard/galadriel/pkg/server/endpoints/endpoints.go:115.2,121.12 5 0
github.com/HewlettPackard/galadriel/pkg/server/endpoints/endpoints.go:125.2,125.9 1 0
github.com/HewlettPackard/galadriel/pkg/server/endpoints/endpoints.go:112.16,114.3 1 0
github.com/HewlettPackard/galadriel/pkg/server/endpoints/endpoints.go:121.12,123.3 1 0
github.com/HewlettPackard/galadriel/pkg/server/endpoints/endpoints.go:126.23,128.13 2 0
github.com/HewlettPackard/galadriel/pkg/server/endpoints/endpoints.go:129.20,134.13 5 0
github.com/HewlettPackard/galadriel/pkg/server/endpoints/endpoints.go:138.54,140.2 1 0
github.com/HewlettPackard/galadriel/pkg/server/endpoints/endpoints.go:142.63,143.73 1 0
github.com/HewlettPackard/galadriel/pkg/server/endpoints/endpoints.go:143.73,146.17 2 0
github.com/HewlettPackard/galadriel/pkg/server/endpoints/endpoints.go:152.3,158.17 3 0
github.com/HewlettPackard/galadriel/pkg/server/endpoints/endpoints.go:164.3,165.17 2 0
github.com/HewlettPackard/galadriel/pkg/server/endpoints/endpoints.go:146.17,150.4 3 0
github.com/HewlettPackard/galadriel/pkg/server/endpoints/endpoints.go:158.17,162.4 3 0
github.com/HewlettPackard/galadriel/pkg/server/endpoints/endpoints.go:165.17,169.4 3 0
github.com/HewlettPackard/galadriel/cmd/server/main.go:9.13,11.2 1 0
github.com/HewlettPackard/galadriel/pkg/common/util/addr.go:12.65,14.16 2 0
github.com/HewlettPackard/galadriel/pkg/common/util/addr.go:18.2,21.8 1 0
github.com/HewlettPackard/galadriel/pkg/common/util/addr.go:14.16,16.3 1 0
github.com/HewlettPackard/galadriel/pkg/common/util/addr.go:25.49,26.76 1 0
github.com/HewlettPackard/galadriel/pkg/common/util/addr.go:30.2,30.12 1 0
github.com/HewlettPackard/galadriel/pkg/common/util/addr.go:26.76,28.3 1 0
github.com/HewlettPackard/galadriel/cmd/server/cli/config.go:32.53,34.19 1 0
github.com/HewlettPackard/galadriel/cmd/server/cli/config.go:38.2,39.16 2 0
github.com/HewlettPackard/galadriel/cmd/server/cli/config.go:43.2,43.31 1 0
github.com/HewlettPackard/galadriel/cmd/server/cli/config.go:34.19,36.3 1 0
github.com/HewlettPackard/galadriel/cmd/server/cli/config.go:39.16,41.3 1 0
github.com/HewlettPackard/galadriel/cmd/server/cli/config.go:47.57,52.16 4 0
github.com/HewlettPackard/galadriel/cmd/server/cli/config.go:56.2,59.16 3 0
github.com/HewlettPackard/galadriel/cmd/server/cli/config.go:63.2,66.16 3 0
github.com/HewlettPackard/galadriel/cmd/server/cli/config.go:52.16,54.3 1 0
github.com/HewlettPackard/galadriel/cmd/server/cli/config.go:59.16,61.3 1 0
github.com/HewlettPackard/galadriel/cmd/server/cli/config.go:69.53,72.65 2 0
github.com/HewlettPackard/galadriel/cmd/server/cli/config.go:76.2,76.26 1 0
github.com/HewlettPackard/galadriel/cmd/server/cli/config.go:80.2,82.21 2 0
github.com/HewlettPackard/galadriel/cmd/server/cli/config.go:72.65,74.3 1 0
github.com/HewlettPackard/galadriel/cmd/server/cli/config.go:76.26,78.3 1 0
github.com/HewlettPackard/galadriel/cmd/server/cli/config.go:85.32,86.34 1 0
github.com/HewlettPackard/galadriel/cmd/server/cli/config.go:90.2,90.30 1 0
github.com/HewlettPackard/galadriel/cmd/server/cli/config.go:94.2,94.31 1 0
github.com/HewlettPackard/galadriel/cmd/server/cli/config.go:86.34,88.3 1 0
github.com/HewlettPackard/galadriel/cmd/server/cli/config.go:90.30,92.3 1 0
github.com/HewlettPackard/galadriel/cmd/server/cli/config.go:94.31,96.3 1 0
github.com/HewlettPackard/galadriel/pkg/server/api/harvester/harvester.gen.go:48.85,56.16 4 0
github.com/HewlettPackard/galadriel/pkg/server/api/harvester/harvester.gen.go:62.2,63.16 2 0
github.com/HewlettPackard/galadriel/pkg/server/api/harvester/harvester.gen.go:69.2,70.16 2 0
github.com/HewlettPackard/galadriel/pkg/server/api/harvester/harvester.gen.go:75.2,76.12 2 0
github.com/HewlettPackard/galadriel/pkg/server/api/harvester/harvester.gen.go:56.16,58.3 1 0
github.com/HewlettPackard/galadriel/pkg/server/api/harvester/harvester.gen.go:63.16,65.3 1 0
github.com/HewlettPackard/galadriel/pkg/server/api/harvester/harvester.gen.go:70.16,72.3 1 0
github.com/HewlettPackard/galadriel/pkg/server/api/harvester/harvester.gen.go:80.78,86.16 4 0
github.com/HewlettPackard/galadriel/pkg/server/api/harvester/harvester.gen.go:91.2,92.12 2 0
github.com/HewlettPackard/galadriel/pkg/server/api/harvester/harvester.gen.go:86.16,88.3 1 0
github.com/HewlettPackard/galadriel/pkg/server/api/harvester/harvester.gen.go:96.92,102.16 4 0
github.com/HewlettPackard/galadriel/pkg/server/api/harvester/harvester.gen.go:107.2,108.12 2 0
github.com/HewlettPackard/galadriel/pkg/server/api/harvester/harvester.gen.go:102.16,104.3 1 0
github.com/HewlettPackard/galadriel/pkg/server/api/harvester/harvester.gen.go:112.76,118.16 4 0
github.com/HewlettPackard/galadriel/pkg/server/api/harvester/harvester.gen.go:123.2,124.12 2 0
github.com/HewlettPackard/galadriel/pkg/server/api/harvester/harvester.gen.go:118.16,120.3 1 0
github.com/HewlettPackard/galadriel/pkg/server/api/harvester/harvester.gen.go:143.62,145.2 1 0
github.com/HewlettPackard/galadriel/pkg/server/api/harvester/harvester.gen.go:149.89,160.2 5 0
github.com/HewlettPackard/galadriel/pkg/server/datastore/datastore.go:27.30,32.2 1 0
github.com/HewlettPackard/galadriel/pkg/server/datastore/datastore.go:34.85,39.2 4 0
github.com/HewlettPackard/galadriel/pkg/server/datastore/datastore.go:41.94,44.29 3 0
github.com/HewlettPackard/galadriel/pkg/server/datastore/datastore.go:50.2,50.43 1 0
github.com/HewlettPackard/galadriel/pkg/server/datastore/datastore.go:44.29,45.23 1 0
github.com/HewlettPackard/galadriel/pkg/server/datastore/datastore.go:45.23,47.4 1 0
github.com/HewlettPackard/galadriel/pkg/server/datastore/datastore.go:53.79,57.16 4 0
github.com/HewlettPackard/galadriel/pkg/server/datastore/datastore.go:60.2,61.12 2 0
github.com/HewlettPackard/galadriel/pkg/server/datastore/datastore.go:57.16,59.3 1 0
github.com/HewlettPackard/galadriel/pkg/server/datastore/datastore.go:64.56,65.29 1 0
github.com/HewlettPackard/galadriel/pkg/server/datastore/datastore.go:70.2,70.41 1 0
github.com/HewlettPackard/galadriel/pkg/server/datastore/datastore.go:65.29,66.23 1 0
github.com/HewlettPackard/galadriel/pkg/server/datastore/datastore.go:66.23,68.4 1 0
github.com/HewlettPackard/galadriel/pkg/server/datastore/datastore.go:73.62,75.2 1 0
github.com/HewlettPackard/galadriel/pkg/harvester/catalog/catalog.go:18.31,20.2 0 0
github.com/HewlettPackard/galadriel/pkg/harvester/catalog/catalog.go:27.68,33.2 2 0
github.com/HewlettPackard/galadriel/pkg/server/api/management/management.gen.go:226.88,234.16 4 0
github.com/HewlettPackard/galadriel/pkg/server/api/management/management.gen.go:240.2,241.16 2 0
github.com/HewlettPackard/galadriel/pkg/server/api/management/management.gen.go:247.2,248.16 2 0
github.com/HewlettPackard/galadriel/pkg/server/api/management/management.gen.go:254.2,255.16 2 0
github.com/HewlettPackard/galadriel/pkg/server/api/management/management.gen.go:260.2,261.12 2 0
github.com/HewlettPackard/galadriel/pkg/server/api/management/management.gen.go:234.16,236.3 1 0
github.com/HewlettPackard/galadriel/pkg/server/api/management/management.gen.go:241.16,243.3 1 0
github.com/HewlettPackard/galadriel/pkg/server/api/management/management.gen.go:248.16,250.3 1 0
github.com/HewlettPackard/galadriel/pkg/server/api/management/management.gen.go:255.16,257.3 1 0
github.com/HewlettPackard/galadriel/pkg/server/api/management/management.gen.go:265.90,271.2 3 0
github.com/HewlettPackard/galadriel/pkg/server/api/management/management.gen.go:274.90,280.16 4 0
github.com/HewlettPackard/galadriel/pkg/server/api/management/management.gen.go:285.2,286.12 2 0
github.com/HewlettPackard/galadriel/pkg/server/api/management/management.gen.go:280.16,282.3 1 0
github.com/HewlettPackard/galadriel/pkg/server/api/management/management.gen.go:290.91,296.16 4 0
github.com/HewlettPackard/galadriel/pkg/server/api/management/management.gen.go:301.2,302.12 2 0
github.com/HewlettPackard/galadriel/pkg/server/api/management/management.gen.go:296.16,298.3 1 0
github.com/HewlettPackard/galadriel/pkg/server/api/management/management.gen.go:306.90,312.16 4 0
github.com/HewlettPackard/galadriel/pkg/server/api/management/management.gen.go:317.2,318.12 2 0
github.com/HewlettPackard/galadriel/pkg/server/api/management/management.gen.go:312.16,314.3 1 0
github.com/HewlettPackard/galadriel/pkg/server/api/management/management.gen.go:322.78,330.16 4 0
github.com/HewlettPackard/galadriel/pkg/server/api/management/management.gen.go:336.2,337.16 2 0
github.com/HewlettPackard/galadriel/pkg/server/api/management/management.gen.go:343.2,344.16 2 0
github.com/HewlettPackard/galadriel/pkg/server/api/management/management.gen.go:349.2,350.12 2 0
github.com/HewlettPackard/galadriel/pkg/server/api/management/management.gen.go:330.16,332.3 1 0
github.com/HewlettPackard/galadriel/pkg/server/api/management/management.gen.go:337.16,339.3 1 0
github.com/HewlettPackard/galadriel/pkg/server/api/management/management.gen.go:344.16,346.3 1 0
github.com/HewlettPackard/galadriel/pkg/server/api/management/management.gen.go:354.80,360.2 3 0
github.com/HewlettPackard/galadriel/pkg/server/api/management/management.gen.go:363.80,369.16 4 0
github.com/HewlettPackard/galadriel/pkg/server/api/management/management.gen.go:374.2,375.12 2 0
github.com/HewlettPackard/galadriel/pkg/server/api/management/management.gen.go:369.16,371.3 1 0
github.com/HewlettPackard/galadriel/pkg/server/api/management/management.gen.go:379.81,385.16 4 0
github.com/HewlettPackard/galadriel/pkg/server/api/management/management.gen.go:390.2,391.12 2 0
github.com/HewlettPackard/galadriel/pkg/server/api/management/management.gen.go:385.16,387.3 1 0
github.com/HewlettPackard/galadriel/pkg/server/api/management/management.gen.go:395.80,401.16 4 0
github.com/HewlettPackard/galadriel/pkg/server/api/management/management.gen.go:406.2,407.12 2 0
github.com/HewlettPackard/galadriel/pkg/server/api/management/management.gen.go:401.16,403.3 1 0
github.com/HewlettPackard/galadriel/pkg/server/api/management/management.gen.go:411.85,419.16 4 0
github.com/HewlettPackard/galadriel/pkg/server/api/management/management.gen.go:425.2,426.16 2 0
github.com/HewlettPackard/galadriel/pkg/server/api/management/management.gen.go:432.2,433.16 2 0
github.com/HewlettPackard/galadriel/pkg/server/api/management/management.gen.go:439.2,440.16 2 0
github.com/HewlettPackard/galadriel/pkg/server/api/management/management.gen.go:445.2,446.12 2 0
github.com/HewlettPackard/galadriel/pkg/server/api/management/management.gen.go:419.16,421.3 1 0
github.com/HewlettPackard/galadriel/pkg/server/api/management/management.gen.go:426.16,428.3 1 0
github.com/HewlettPackard/galadriel/pkg/server/api/management/management.gen.go:433.16,435.3 1 0
github.com/HewlettPackard/galadriel/pkg/server/api/management/management.gen.go:440.16,442.3 1 0
github.com/HewlettPackard/galadriel/pkg/server/api/management/management.gen.go:450.87,456.2 3 0
github.com/HewlettPackard/galadriel/pkg/server/api/management/management.gen.go:459.88,465.16 4 0
github.com/HewlettPackard/galadriel/pkg/server/api/management/management.gen.go:470.2,471.12 2 0
github.com/HewlettPackard/galadriel/pkg/server/api/management/management.gen.go:465.16,467.3 1 0
github.com/HewlettPackard/galadriel/pkg/server/api/management/management.gen.go:475.91,481.16 4 0
github.com/HewlettPackard/galadriel/pkg/server/api/management/management.gen.go:486.2,487.12 2 0
github.com/HewlettPackard/galadriel/pkg/server/api/management/management.gen.go:481.16,483.3 1 0
github.com/HewlettPackard/galadriel/pkg/server/api/management/management.gen.go:491.75,499.16 4 0
github.com/HewlettPackard/galadriel/pkg/server/api/management/management.gen.go:504.2,505.12 2 0
github.com/HewlettPackard/galadriel/pkg/server/api/management/management.gen.go:499.16,501.3 1 0
github.com/HewlettPackard/galadriel/pkg/server/api/management/management.gen.go:509.77,515.2 3 0
github.com/HewlettPackard/galadriel/pkg/server/api/management/management.gen.go:518.77,524.16 4 0
github.com/HewlettPackard/galadriel/pkg/server/api/management/management.gen.go:529.2,530.12 2 0
github.com/HewlettPackard/galadriel/pkg/server/api/management/management.gen.go:524.16,526.3 1 0
github.com/HewlettPackard/galadriel/pkg/server/api/management/management.gen.go:534.69,540.16 4 0
github.com/HewlettPackard/galadriel/pkg/server/api/management/management.gen.go:545.2,546.12 2 0
github.com/HewlettPackard/galadriel/pkg/server/api/management/management.gen.go:540.16,542.3 1 0
github.com/HewlettPackard/galadriel/pkg/server/api/management/management.gen.go:550.76,556.16 4 0
github.com/HewlettPackard/galadriel/pkg/server/api/management/management.gen.go:561.2,562.12 2 0
github.com/HewlettPackard/galadriel/pkg/server/api/management/management.gen.go:556.16,558.3 1 0
github.com/HewlettPackard/galadriel/pkg/server/api/management/management.gen.go:566.74,574.16 4 0
github.com/HewlettPackard/galadriel/pkg/server/api/management/management.gen.go:580.2,581.16 2 0
github.com/HewlettPackard/galadriel/pkg/server/api/management/management.gen.go:586.2,587.12 2 0
github.com/HewlettPackard/galadriel/pkg/server/api/management/management.gen.go:574.16,576.3 1 0
github.com/HewlettPackard/galadriel/pkg/server/api/management/management.gen.go:581.16,583.3 1 0
github.com/HewlettPackard/galadriel/pkg/server/api/management/management.gen.go:591.76,597.2 3 0
github.com/HewlettPackard/galadriel/pkg/server/api/management/management.gen.go:600.76,606.16 4 0
github.com/HewlettPackard/galadriel/pkg/server/api/management/management.gen.go:611.2,612.12 2 0
github.com/HewlettPackard/galadriel/pkg/server/api/management/management.gen.go:606.16,608.3 1 0
github.com/HewlettPackard/galadriel/pkg/server/api/management/management.gen.go:616.76,622.16 4 0
github.com/HewlettPackard/galadriel/pkg/server/api/management/management.gen.go:627.2,628.12 2 0
github.com/HewlettPackard/galadriel/pkg/server/api/management/management.gen.go:622.16,624.3 1 0
github.com/HewlettPackard/galadriel/pkg/server/api/management/management.gen.go:632.76,638.16 4 0
github.com/HewlettPackard/galadriel/pkg/server/api/management/management.gen.go:643.2,644.12 2 0
github.com/HewlettPackard/galadriel/pkg/server/api/management/management.gen.go:638.16,640.3 1 0
github.com/HewlettPackard/galadriel/pkg/server/api/management/management.gen.go:663.62,665.2 1 0
github.com/HewlettPackard/galadriel/pkg/server/api/management/management.gen.go:669.89,700.2 25 0
github.com/HewlettPackard/galadriel/pkg/harvester/client/server.go:26.78,36.2 2 0
github.com/HewlettPackard/galadriel/pkg/harvester/client/server.go:38.67,41.16 3 0
github.com/HewlettPackard/galadriel/pkg/harvester/client/server.go:44.2,47.16 3 0
github.com/HewlettPackard/galadriel/pkg/harvester/client/server.go:50.2,52.28 2 0
github.com/HewlettPackard/galadriel/pkg/harvester/client/server.go:56.2,58.12 3 0
github.com/HewlettPackard/galadriel/pkg/harvester/client/server.go:41.16,43.3 1 0
github.com/HewlettPackard/galadriel/pkg/harvester/client/server.go:47.16,49.3 1 0
github.com/HewlettPackard/galadriel/pkg/harvester/client/server.go:52.28,54.3 1 0
github.com/HewlettPackard/galadriel/pkg/harvester/client/server.go:61.68,63.2 1 0
github.com/HewlettPackard/galadriel/pkg/harvester/client/server.go:65.75,67.2 1 0
github.com/HewlettPackard/galadriel/pkg/harvester/api/api.go:24.64,30.2 1 0
github.com/HewlettPackard/galadriel/pkg/harvester/api/api.go:32.50,38.2 3 0
github.com/HewlettPackard/galadriel/pkg/harvester/api/api.go:40.88,43.2 2 0
github.com/HewlettPackard/galadriel/pkg/harvester/api/api.go:45.78,48.2 2 0
github.com/HewlettPackard/galadriel/pkg/harvester/harvester.go:23.37,27.2 1 0
github.com/HewlettPackard/galadriel/pkg/harvester/harvester.go:30.52,34.17 3 0
github.com/HewlettPackard/galadriel/pkg/harvester/harvester.go:38.2,39.16 2 0
github.com/HewlettPackard/galadriel/pkg/harvester/harvester.go:43.2,44.16 2 0
github.com/HewlettPackard/galadriel/pkg/harvester/harvester.go:48.2,55.16 3 0
github.com/HewlettPackard/galadriel/pkg/harvester/harvester.go:59.2,64.38 3 0
github.com/HewlettPackard/galadriel/pkg/harvester/harvester.go:67.2,67.12 1 0
github.com/HewlettPackard/galadriel/pkg/harvester/harvester.go:34.17,36.3 1 0
github.com/HewlettPackard/galadriel/pkg/harvester/harvester.go:39.16,41.3 1 0
github.com/HewlettPackard/galadriel/pkg/harvester/harvester.go:44.16,46.3 1 0
github.com/HewlettPackard/galadriel/pkg/harvester/harvester.go:55.16,57.3 1 0
github.com/HewlettPackard/galadriel/pkg/harvester/harvester.go:64.38,66.3 1 0
github.com/HewlettPackard/galadriel/pkg/harvester/harvester.go:70.29,72.2 0 0
github.com/HewlettPackard/galadriel/pkg/server/catalog/catalog.go:20.57,22.2 1 0
github.com/HewlettPackard/galadriel/pkg/server/catalog/catalog.go:24.31,26.2 0 0
github.com/HewlettPackard/galadriel/pkg/server/catalog/catalog.go:33.68,42.2 3 0
github.com/HewlettPackard/galadriel/pkg/harvester/endpoints/endpoints.go:23.40,24.62 1 0
github.com/HewlettPackard/galadriel/pkg/harvester/endpoints/endpoints.go:28.2,31.8 1 0
github.com/HewlettPackard/galadriel/pkg/harvester/endpoints/endpoints.go:24.62,26.3 1 0
github.com/HewlettPackard/galadriel/pkg/harvester/endpoints/endpoints.go:34.63,37.2 2 0
github.com/HewlettPackard/galadriel/pkg/common/telemetry/telemetry.go:29.42,33.2 1 0
github.com/HewlettPackard/galadriel/pkg/common/telemetry/telemetry.go:35.60,38.47 2 0
github.com/HewlettPackard/galadriel/pkg/common/telemetry/telemetry.go:43.2,46.12 3 0
github.com/HewlettPackard/galadriel/pkg/common/telemetry/telemetry.go:57.2,58.12 2 0
github.com/HewlettPackard/galadriel/pkg/common/telemetry/telemetry.go:38.47,39.13 1 0
github.com/HewlettPackard/galadriel/pkg/common/telemetry/telemetry.go:46.12,52.17 5 0
github.com/HewlettPackard/galadriel/pkg/common/telemetry/telemetry.go:52.17,53.14 1 0
github.com/HewlettPackard/galadriel/pkg/common/telemetry/telemetry.go:61.56,75.16 4 0
github.com/HewlettPackard/galadriel/pkg/common/telemetry/telemetry.go:79.2,81.17 2 0
github.com/HewlettPackard/galadriel/pkg/common/telemetry/telemetry.go:75.16,76.13 1 0
github.com/HewlettPackard/galadriel/pkg/common/telemetry/telemetry.go:84.59,86.2 1 0
github.com/HewlettPackard/galadriel/pkg/common/telemetry/telemetry.go:88.64,94.2 4 0
github.com/HewlettPackard/galadriel/pkg/harvester/spire/proto.go:14.71,15.15 1 0
github.com/HewlettPackard/galadriel/pkg/harvester/spire/proto.go:19.2,20.16 2 0
github.com/HewlettPackard/galadriel/pkg/harvester/spire/proto.go:24.2,25.16 2 0
github.com/HewlettPackard/galadriel/pkg/harvester/spire/proto.go:29.2,30.16 2 0
github.com/HewlettPackard/galadriel/pkg/harvester/spire/proto.go:34.2,39.25 4 0
github.com/HewlettPackard/galadriel/pkg/harvester/spire/proto.go:42.2,42.28 1 0
github.com/HewlettPackard/galadriel/pkg/harvester/spire/proto.go:46.2,46.17 1 0
github.com/HewlettPackard/galadriel/pkg/harvester/spire/proto.go:15.15,17.3 1 0
github.com/HewlettPackard/galadriel/pkg/harvester/spire/proto.go:20.16,22.3 1 0
github.com/HewlettPackard/galadriel/pkg/harvester/spire/proto.go:25.16,27.3 1 0
github.com/HewlettPackard/galadriel/pkg/harvester/spire/proto.go:30.16,32.3 1 0
github.com/HewlettPackard/galadriel/pkg/harvester/spire/proto.go:39.25,41.3 1 0
github.com/HewlettPackard/galadriel/pkg/harvester/spire/proto.go:42.28,44.3 1 0
github.com/HewlettPackard/galadriel/pkg/harvester/spire/proto.go:49.91,52.24 2 0
github.com/HewlettPackard/galadriel/pkg/harvester/spire/proto.go:60.2,60.17 1 0
github.com/HewlettPackard/galadriel/pkg/harvester/spire/proto.go:52.24,54.17 2 0
github.com/HewlettPackard/galadriel/pkg/harvester/spire/proto.go:57.3,57.26 1 0
github.com/HewlettPackard/galadriel/pkg/harvester/spire/proto.go:54.17,56.4 1 0
github.com/HewlettPackard/galadriel/pkg/harvester/spire/proto.go:63.88,66.26 2 0
github.com/HewlettPackard/galadriel/pkg/harvester/spire/proto.go:74.2,74.17 1 0
github.com/HewlettPackard/galadriel/pkg/harvester/spire/proto.go:66.26,68.17 2 0
github.com/HewlettPackard/galadriel/pkg/harvester/spire/proto.go:71.3,71.24 1 0
github.com/HewlettPackard/galadriel/pkg/harvester/spire/proto.go:68.17,70.4 1 0
github.com/HewlettPackard/galadriel/pkg/harvester/spire/spire.go:33.78,35.16 2 0
github.com/HewlettPackard/galadriel/pkg/harvester/spire/spire.go:39.2,42.3 1 0
github.com/HewlettPackard/galadriel/pkg/harvester/spire/spire.go:35.16,36.13 1 0
github.com/HewlettPackard/galadriel/pkg/harvester/spire/spire.go:45.89,47.16 2 0
github.com/HewlettPackard/galadriel/pkg/harvester/spire/spire.go:51.2,51.20 1 0
github.com/HewlettPackard/galadriel/pkg/harvester/spire/spire.go:47.16,49.3 1 0
github.com/HewlettPackard/galadriel/pkg/harvester/spire/spire.go:56.91,59.26 2 0
github.com/HewlettPackard/galadriel/pkg/harvester/spire/spire.go:64.2,65.16 2 0
github.com/HewlettPackard/galadriel/pkg/harvester/spire/spire.go:69.2,70.16 2 0
github.com/HewlettPackard/galadriel/pkg/harvester/spire/spire.go:74.2,74.20 1 0
github.com/HewlettPackard/galadriel/pkg/harvester/spire/spire.go:59.26,61.3 1 0
github.com/HewlettPackard/galadriel/pkg/harvester/spire/spire.go:61.8,63.3 1 0
github.com/HewlettPackard/galadriel/pkg/harvester/spire/spire.go:65.16,67.3 1 0
github.com/HewlettPackard/galadriel/pkg/harvester/spire/spire.go:70.16,72.3 1 0
github.com/HewlettPackard/galadriel/pkg/harvester/spire/spire.go:77.67,78.23 1 0
github.com/HewlettPackard/galadriel/pkg/harvester/spire/spire.go:82.2,86.8 1 0
github.com/HewlettPackard/galadriel/pkg/harvester/spire/spire.go:78.23,80.3 1 0
github.com/HewlettPackard/galadriel/cmd/harvester/cli/config.go:29.53,31.19 1 0
github.com/HewlettPackard/galadriel/cmd/harvester/cli/config.go:35.2,36.16 2 0
github.com/HewlettPackard/galadriel/cmd/harvester/cli/config.go:40.2,40.31 1 0
github.com/HewlettPackard/galadriel/cmd/harvester/cli/config.go:31.19,33.3 1 0
github.com/HewlettPackard/galadriel/cmd/harvester/cli/config.go:36.16,38.3 1 0
github.com/HewlettPackard/galadriel/cmd/harvester/cli/config.go:44.63,48.16 3 0
github.com/HewlettPackard/galadriel/cmd/harvester/cli/config.go:52.2,58.16 4 0
github.com/HewlettPackard/galadriel/cmd/harvester/cli/config.go:48.16,50.3 1 0
github.com/HewlettPackard/galadriel/cmd/harvester/cli/config.go:61.53,64.65 2 0
github.com/HewlettPackard/galadriel/cmd/harvester/cli/config.go:68.2,68.29 1 0
github.com/HewlettPackard/galadriel/cmd/harvester/cli/config.go:72.2,74.21 2 0
github.com/HewlettPackard/galadriel/cmd/harvester/cli/config.go:64.65,66.3 1 0
github.com/HewlettPackard/galadriel/cmd/harvester/cli/config.go:68.29,70.3 1 0
github.com/HewlettPackard/galadriel/cmd/harvester/cli/config.go:77.32,78.39 1 0
github.com/HewlettPackard/galadriel/cmd/harvester/cli/config.go:78.39,80.3 1 0
github.com/HewlettPackard/galadriel/cmd/server/cli/run.go:17.33,22.55 1 1
github.com/HewlettPackard/galadriel/cmd/server/cli/run.go:22.55,24.18 2 0
github.com/HewlettPackard/galadriel/cmd/server/cli/run.go:28.4,34.18 5 0
github.com/HewlettPackard/galadriel/cmd/server/cli/run.go:38.4,39.14 2 0
github.com/HewlettPackard/galadriel/cmd/server/cli/run.go:24.18,26.5 1 0
github.com/HewlettPackard/galadriel/cmd/server/cli/run.go:34.18,36.5 1 0
github.com/HewlettPackard/galadriel/cmd/server/cli/run.go:44.61,46.16 2 0
github.com/HewlettPackard/galadriel/cmd/server/cli/run.go:50.2,50.22 1 0
github.com/HewlettPackard/galadriel/cmd/server/cli/run.go:54.2,55.16 2 0
github.com/HewlettPackard/galadriel/cmd/server/cli/run.go:58.2,61.16 3 0
github.com/HewlettPackard/galadriel/cmd/server/cli/run.go:65.2,66.16 2 0
github.com/HewlettPackard/galadriel/cmd/server/cli/run.go:70.2,70.16 1 0
github.com/HewlettPackard/galadriel/cmd/server/cli/run.go:46.16,48.3 1 0
github.com/HewlettPackard/galadriel/cmd/server/cli/run.go:50.22,52.3 1 0
github.com/HewlettPackard/galadriel/cmd/server/cli/run.go:55.16,57.3 1 0
github.com/HewlettPackard/galadriel/cmd/server/cli/run.go:61.16,63.3 1 0
github.com/HewlettPackard/galadriel/cmd/server/cli/run.go:66.16,68.3 1 0
github.com/HewlettPackard/galadriel/cmd/server/cli/run.go:73.13,78.2 3 1
github.com/HewlettPackard/galadriel/pkg/harvester/controller/controller.go:29.96,32.16 3 0
github.com/HewlettPackard/galadriel/pkg/harvester/controller/controller.go:36.2,40.8 1 0
github.com/HewlettPackard/galadriel/pkg/harvester/controller/controller.go:32.16,34.3 1 0
github.com/HewlettPackard/galadriel/pkg/harvester/controller/controller.go:43.62,50.2 4 0
github.com/HewlettPackard/galadriel/pkg/harvester/controller/controller.go:52.56,53.6 1 0
github.com/HewlettPackard/galadriel/pkg/harvester/controller/controller.go:53.6,54.10 1 0
github.com/HewlettPackard/galadriel/pkg/harvester/controller/controller.go:55.21,57.10 2 0
github.com/HewlettPackard/galadriel/cmd/server/util/client.go:22.59,24.73 1 0
github.com/HewlettPackard/galadriel/cmd/server/util/client.go:28.2,32.32 2 0
github.com/HewlettPackard/galadriel/cmd/server/util/client.go:24.73,27.4 2 0
github.com/HewlettPackard/galadriel/cmd/server/util/client.go:39.61,42.16 3 0
github.com/HewlettPackard/galadriel/cmd/server/util/client.go:45.2,48.16 3 0
github.com/HewlettPackard/galadriel/cmd/server/util/client.go:51.2,51.23 1 0
github.com/HewlettPackard/galadriel/cmd/server/util/client.go:42.16,44.3 1 0
github.com/HewlettPackard/galadriel/cmd/server/util/client.go:48.16,50.3 1 0
github.com/HewlettPackard/galadriel/cmd/server/cli/generate.go:16.54,19.17 3 0
github.com/HewlettPackard/galadriel/cmd/server/cli/generate.go:23.3,24.13 2 0
github.com/HewlettPackard/galadriel/cmd/server/cli/generate.go:19.17,21.4 1 0
github.com/HewlettPackard/galadriel/cmd/server/cli/generate.go:28.13,31.2 2 1
github.com/HewlettPackard/galadriel/cmd/server/cli/root.go:10.34,15.2 1 0
github.com/HewlettPackard/galadriel/cmd/server/cli/root.go:17.20,19.16 2 0
github.com/HewlettPackard/galadriel/cmd/server/cli/root.go:23.2,23.10 1 0
github.com/HewlettPackard/galadriel/cmd/server/cli/root.go:19.16,21.3 1 0
github.com/HewlettPackard/galadriel/pkg/server/api/management/handler.go:13.98,15.2 1 0
github.com/HewlettPackard/galadriel/pkg/server/api/management/handler.go:18.70,20.2 1 0
github.com/HewlettPackard/galadriel/pkg/server/api/management/handler.go:23.91,25.2 1 0
github.com/HewlettPackard/galadriel/pkg/server/api/management/handler.go:28.91,30.2 1 0
github.com/HewlettPackard/galadriel/pkg/server/api/management/handler.go:33.91,35.2 1 0
github.com/HewlettPackard/galadriel/pkg/harvester/spire/spire.go:33.78,35.16 2 0
github.com/HewlettPackard/galadriel/pkg/harvester/spire/spire.go:39.2,42.3 1 0
github.com/HewlettPackard/galadriel/pkg/harvester/spire/spire.go:35.16,36.13 1 0
github.com/HewlettPackard/galadriel/pkg/harvester/spire/spire.go:45.89,47.16 2 0
github.com/HewlettPackard/galadriel/pkg/harvester/spire/spire.go:51.2,51.20 1 0
github.com/HewlettPackard/galadriel/pkg/harvester/spire/spire.go:47.16,49.3 1 0
github.com/HewlettPackard/galadriel/pkg/harvester/spire/spire.go:56.91,59.26 2 0
github.com/HewlettPackard/galadriel/pkg/harvester/spire/spire.go:64.2,65.16 2 0
github.com/HewlettPackard/galadriel/pkg/harvester/spire/spire.go:69.2,70.16 2 0
github.com/HewlettPackard/galadriel/pkg/harvester/spire/spire.go:74.2,74.20 1 0
github.com/HewlettPackard/galadriel/pkg/harvester/spire/spire.go:59.26,61.3 1 0
github.com/HewlettPackard/galadriel/pkg/harvester/spire/spire.go:61.8,63.3 1 0
github.com/HewlettPackard/galadriel/pkg/harvester/spire/spire.go:65.16,67.3 1 0
github.com/HewlettPackard/galadriel/pkg/harvester/spire/spire.go:70.16,72.3 1 0
github.com/HewlettPackard/galadriel/pkg/harvester/spire/spire.go:77.67,78.23 1 0
github.com/HewlettPackard/galadriel/pkg/harvester/spire/spire.go:82.2,86.8 1 0
github.com/HewlettPackard/galadriel/pkg/harvester/spire/spire.go:78.23,80.3 1 0
github.com/HewlettPackard/galadriel/pkg/harvester/api/api.go:24.64,30.2 1 0
github.com/HewlettPackard/galadriel/pkg/harvester/api/api.go:32.50,38.2 3 0
github.com/HewlettPackard/galadriel/pkg/harvester/api/api.go:40.88,43.2 2 0
github.com/HewlettPackard/galadriel/pkg/harvester/api/api.go:45.78,48.2 2 0
github.com/HewlettPackard/galadriel/cmd/harvester/cli/cli.go:22.34,27.2 1 1
github.com/HewlettPackard/galadriel/cmd/harvester/cli/cli.go:29.16,31.16 2 0
github.com/HewlettPackard/galadriel/cmd/harvester/cli/cli.go:35.2,35.10 1 0
github.com/HewlettPackard/galadriel/cmd/harvester/cli/cli.go:31.16,33.3 1 0
github.com/HewlettPackard/galadriel/cmd/harvester/cli/cli.go:38.37,40.2 1 0
github.com/HewlettPackard/galadriel/cmd/harvester/cli/cli.go:42.38,44.16 2 0
github.com/HewlettPackard/galadriel/cmd/harvester/cli/cli.go:48.2,48.12 1 0
github.com/HewlettPackard/galadriel/cmd/harvester/cli/cli.go:44.16,46.3 1 0
github.com/HewlettPackard/galadriel/cmd/server/cli/config.go:32.53,34.19 1 0
github.com/HewlettPackard/galadriel/cmd/server/cli/config.go:38.2,39.16 2 0
github.com/HewlettPackard/galadriel/cmd/server/cli/config.go:43.2,43.31 1 0
github.com/HewlettPackard/galadriel/cmd/server/cli/config.go:34.19,36.3 1 0
github.com/HewlettPackard/galadriel/cmd/server/cli/config.go:39.16,41.3 1 0
github.com/HewlettPackard/galadriel/cmd/server/cli/config.go:47.57,52.16 4 0
github.com/HewlettPackard/galadriel/cmd/server/cli/config.go:56.2,59.16 3 0
github.com/HewlettPackard/galadriel/cmd/server/cli/config.go:63.2,66.16 3 0
github.com/HewlettPackard/galadriel/cmd/server/cli/config.go:52.16,54.3 1 0
github.com/HewlettPackard/galadriel/cmd/server/cli/config.go:59.16,61.3 1 0
github.com/HewlettPackard/galadriel/cmd/server/cli/config.go:69.53,72.65 2 0
github.com/HewlettPackard/galadriel/cmd/server/cli/config.go:76.2,76.26 1 0
github.com/HewlettPackard/galadriel/cmd/server/cli/config.go:80.2,82.21 2 0
github.com/HewlettPackard/galadriel/cmd/server/cli/config.go:72.65,74.3 1 0
github.com/HewlettPackard/galadriel/cmd/server/cli/config.go:76.26,78.3 1 0
github.com/HewlettPackard/galadriel/cmd/server/cli/config.go:85.32,86.34 1 0
github.com/HewlettPackard/galadriel/cmd/server/cli/config.go:90.2,90.30 1 0
github.com/HewlettPackard/galadriel/cmd/server/cli/config.go:94.2,94.31 1 0
github.com/HewlettPackard/galadriel/cmd/server/cli/config.go:86.34,88.3 1 0
github.com/HewlettPackard/galadriel/cmd/server/cli/config.go:90.30,92.3 1 0
github.com/HewlettPackard/galadriel/cmd/server/cli/config.go:94.31,96.3 1 0
github.com/HewlettPackard/galadriel/cmd/server/cli/root.go:10.34,15.2 1 0
github.com/HewlettPackard/galadriel/cmd/server/cli/root.go:17.20,19.16 2 0
github.com/HewlettPackard/galadriel/cmd/server/cli/root.go:23.2,23.10 1 0
github.com/HewlettPackard/galadriel/cmd/server/cli/root.go:19.16,21.3 1 0
github.com/HewlettPackard/galadriel/pkg/common/telemetry/telemetry.go:29.42,33.2 1 0
github.com/HewlettPackard/galadriel/pkg/common/telemetry/telemetry.go:35.60,38.47 2 0
github.com/HewlettPackard/galadriel/pkg/common/telemetry/telemetry.go:43.2,46.12 3 0
github.com/HewlettPackard/galadriel/pkg/common/telemetry/telemetry.go:57.2,58.12 2 0
github.com/HewlettPackard/galadriel/pkg/common/telemetry/telemetry.go:38.47,39.13 1 0
github.com/HewlettPackard/galadriel/pkg/common/telemetry/telemetry.go:46.12,52.17 5 0
github.com/HewlettPackard/galadriel/pkg/common/telemetry/telemetry.go:52.17,53.14 1 0
github.com/HewlettPackard/galadriel/pkg/common/telemetry/telemetry.go:61.56,75.16 4 0
github.com/HewlettPackard/galadriel/pkg/common/telemetry/telemetry.go:79.2,81.17 2 0
github.com/HewlettPackard/galadriel/pkg/common/telemetry/telemetry.go:75.16,76.13 1 0
github.com/HewlettPackard/galadriel/pkg/common/telemetry/telemetry.go:84.59,86.2 1 0
github.com/HewlettPackard/galadriel/pkg/common/telemetry/telemetry.go:88.64,94.2 4 0
github.com/HewlettPackard/galadriel/pkg/server/api/management/management.gen.go:226.88,234.16 4 0
github.com/HewlettPackard/galadriel/pkg/server/api/management/management.gen.go:240.2,241.16 2 0
github.com/HewlettPackard/galadriel/pkg/server/api/management/management.gen.go:247.2,248.16 2 0
github.com/HewlettPackard/galadriel/pkg/server/api/management/management.gen.go:254.2,255.16 2 0
github.com/HewlettPackard/galadriel/pkg/server/api/management/management.gen.go:260.2,261.12 2 0
github.com/HewlettPackard/galadriel/pkg/server/api/management/management.gen.go:234.16,236.3 1 0
github.com/HewlettPackard/galadriel/pkg/server/api/management/management.gen.go:241.16,243.3 1 0
github.com/HewlettPackard/galadriel/pkg/server/api/management/management.gen.go:248.16,250.3 1 0
github.com/HewlettPackard/galadriel/pkg/server/api/management/management.gen.go:255.16,257.3 1 0
github.com/HewlettPackard/galadriel/pkg/server/api/management/management.gen.go:265.90,271.2 3 0
github.com/HewlettPackard/galadriel/pkg/server/api/management/management.gen.go:274.90,280.16 4 0
github.com/HewlettPackard/galadriel/pkg/server/api/management/management.gen.go:285.2,286.12 2 0
github.com/HewlettPackard/galadriel/pkg/server/api/management/management.gen.go:280.16,282.3 1 0
github.com/HewlettPackard/galadriel/pkg/server/api/management/management.gen.go:290.91,296.16 4 0
github.com/HewlettPackard/galadriel/pkg/server/api/management/management.gen.go:301.2,302.12 2 0
github.com/HewlettPackard/galadriel/pkg/server/api/management/management.gen.go:296.16,298.3 1 0
github.com/HewlettPackard/galadriel/pkg/server/api/management/management.gen.go:306.90,312.16 4 0
github.com/HewlettPackard/galadriel/pkg/server/api/management/management.gen.go:317.2,318.12 2 0
github.com/HewlettPackard/galadriel/pkg/server/api/management/management.gen.go:312.16,314.3 1 0
github.com/HewlettPackard/galadriel/pkg/server/api/management/management.gen.go:322.78,330.16 4 0
github.com/HewlettPackard/galadriel/pkg/server/api/management/management.gen.go:336.2,337.16 2 0
github.com/HewlettPackard/galadriel/pkg/server/api/management/management.gen.go:343.2,344.16 2 0
github.com/HewlettPackard/galadriel/pkg/server/api/management/management.gen.go:349.2,350.12 2 0
github.com/HewlettPackard/galadriel/pkg/server/api/management/management.gen.go:330.16,332.3 1 0
github.com/HewlettPackard/galadriel/pkg/server/api/management/management.gen.go:337.16,339.3 1 0
github.com/HewlettPackard/galadriel/pkg/server/api/management/management.gen.go:344.16,346.3 1 0
github.com/HewlettPackard/galadriel/pkg/server/api/management/management.gen.go:354.80,360.2 3 0
github.com/HewlettPackard/galadriel/pkg/server/api/management/management.gen.go:363.80,369.16 4 0
github.com/HewlettPackard/galadriel/pkg/server/api/management/management.gen.go:374.2,375.12 2 0
github.com/HewlettPackard/galadriel/pkg/server/api/management/management.gen.go:369.16,371.3 1 0
github.com/HewlettPackard/galadriel/pkg/server/api/management/management.gen.go:379.81,385.16 4 0
github.com/HewlettPackard/galadriel/pkg/server/api/management/management.gen.go:390.2,391.12 2 0
github.com/HewlettPackard/galadriel/pkg/server/api/management/management.gen.go:385.16,387.3 1 0
github.com/HewlettPackard/galadriel/pkg/server/api/management/management.gen.go:395.80,401.16 4 0
github.com/HewlettPackard/galadriel/pkg/server/api/management/management.gen.go:406.2,407.12 2 0
github.com/HewlettPackard/galadriel/pkg/server/api/management/management.gen.go:401.16,403.3 1 0
github.com/HewlettPackard/galadriel/pkg/server/api/management/management.gen.go:411.85,419.16 4 0
github.com/HewlettPackard/galadriel/pkg/server/api/management/management.gen.go:425.2,426.16 2 0
github.com/HewlettPackard/galadriel/pkg/server/api/management/management.gen.go:432.2,433.16 2 0
github.com/HewlettPackard/galadriel/pkg/server/api/management/management.gen.go:439.2,440.16 2 0
github.com/HewlettPackard/galadriel/pkg/server/api/management/management.gen.go:445.2,446.12 2 0
github.com/HewlettPackard/galadriel/pkg/server/api/management/management.gen.go:419.16,421.3 1 0
github.com/HewlettPackard/galadriel/pkg/server/api/management/management.gen.go:426.16,428.3 1 0
github.com/HewlettPackard/galadriel/pkg/server/api/management/management.gen.go:433.16,435.3 1 0
github.com/HewlettPackard/galadriel/pkg/server/api/management/management.gen.go:440.16,442.3 1 0
github.com/HewlettPackard/galadriel/pkg/server/api/management/management.gen.go:450.87,456.2 3 0
github.com/HewlettPackard/galadriel/pkg/server/api/management/management.gen.go:459.88,465.16 4 0
github.com/HewlettPackard/galadriel/pkg/server/api/management/management.gen.go:470.2,471.12 2 0
github.com/HewlettPackard/galadriel/pkg/server/api/management/management.gen.go:465.16,467.3 1 0
github.com/HewlettPackard/galadriel/pkg/server/api/management/management.gen.go:475.91,481.16 4 0
github.com/HewlettPackard/galadriel/pkg/server/api/management/management.gen.go:486.2,487.12 2 0
github.com/HewlettPackard/galadriel/pkg/server/api/management/management.gen.go:481.16,483.3 1 0
github.com/HewlettPackard/galadriel/pkg/server/api/management/management.gen.go:491.75,499.16 4 0
github.com/HewlettPackard/galadriel/pkg/server/api/management/management.gen.go:504.2,505.12 2 0
github.com/HewlettPackard/galadriel/pkg/server/api/management/management.gen.go:499.16,501.3 1 0
github.com/HewlettPackard/galadriel/pkg/server/api/management/management.gen.go:509.77,515.2 3 0
github.com/HewlettPackard/galadriel/pkg/server/api/management/management.gen.go:518.77,524.16 4 0
github.com/HewlettPackard/galadriel/pkg/server/api/management/management.gen.go:529.2,530.12 2 0
github.com/HewlettPackard/galadriel/pkg/server/api/management/management.gen.go:524.16,526.3 1 0
github.com/HewlettPackard/galadriel/pkg/server/api/management/management.gen.go:534.69,540.16 4 0
github.com/HewlettPackard/galadriel/pkg/server/api/management/management.gen.go:545.2,546.12 2 0
github.com/HewlettPackard/galadriel/pkg/server/api/management/management.gen.go:540.16,542.3 1 0
github.com/HewlettPackard/galadriel/pkg/server/api/management/management.gen.go:550.76,556.16 4 0
github.com/HewlettPackard/galadriel/pkg/server/api/management/management.gen.go:561.2,562.12 2 0
github.com/HewlettPackard/galadriel/pkg/server/api/management/management.gen.go:556.16,558.3 1 0
github.com/HewlettPackard/galadriel/pkg/server/api/management/management.gen.go:566.74,574.16 4 0
github.com/HewlettPackard/galadriel/pkg/server/api/management/management.gen.go:580.2,581.16 2 0
github.com/HewlettPackard/galadriel/pkg/server/api/management/management.gen.go:586.2,587.12 2 0
github.com/HewlettPackard/galadriel/pkg/server/api/management/management.gen.go:574.16,576.3 1 0
github.com/HewlettPackard/galadriel/pkg/server/api/management/management.gen.go:581.16,583.3 1 0
github.com/HewlettPackard/galadriel/pkg/server/api/management/management.gen.go:591.76,597.2 3 0
github.com/HewlettPackard/galadriel/pkg/server/api/management/management.gen.go:600.76,606.16 4 0
github.com/HewlettPackard/galadriel/pkg/server/api/management/management.gen.go:611.2,612.12 2 0
github.com/HewlettPackard/galadriel/pkg/server/api/management/management.gen.go:606.16,608.3 1 0
github.com/HewlettPackard/galadriel/pkg/server/api/management/management.gen.go:616.76,622.16 4 0
github.com/HewlettPackard/galadriel/pkg/server/api/management/management.gen.go:627.2,628.12 2 0
[...]
github.com/HewlettPackard/galadriel/pkg/server/api/harvester/harvester.gen.go:48.85,56.16 4 0
github.com/HewlettPackard/galadriel/pkg/server/api/harvester/harvester.gen.go:62.2,63.16 2 0
github.com/HewlettPackard/galadriel/pkg/server/api/harvester/harvester.gen.go:69.2,70.16 2 0
github.com/HewlettPackard/galadriel/pkg/server/api/harvester/harvester.gen.go:75.2,76.12 2 0
github.com/HewlettPackard/galadriel/pkg/server/api/harvester/harvester.gen.go:56.16,58.3 1 0
github.com/HewlettPackard/galadriel/pkg/server/api/harvester/harvester.gen.go:63.16,65.3 1 0
github.com/HewlettPackard/galadriel/pkg/server/api/harvester/harvester.gen.go:70.16,72.3 1 0
github.com/HewlettPackard/galadriel/pkg/server/api/harvester/harvester.gen.go:80.78,86.16 4 0
github.com/HewlettPackard/galadriel/pkg/server/api/harvester/harvester.gen.go:91.2,92.12 2 0
github.com/HewlettPackard/galadriel/pkg/server/api/harvester/harvester.gen.go:86.16,88.3 1 0
github.com/HewlettPackard/galadriel/pkg/server/api/harvester/harvester.gen.go:96.92,102.16 4 0
github.com/HewlettPackard/galadriel/pkg/server/api/harvester/harvester.gen.go:107.2,108.12 2 0
github.com/HewlettPackard/galadriel/pkg/server/api/harvester/harvester.gen.go:102.16,104.3 1 0
github.com/HewlettPackard/galadriel/pkg/server/api/harvester/harvester.gen.go:112.76,118.16 4 0
github.com/HewlettPackard/galadriel/pkg/server/api/harvester/harvester.gen.go:123.2,124.12 2 0
github.com/HewlettPackard/galadriel/pkg/server/api/harvester/harvester.gen.go:118.16,120.3 1 0
github.com/HewlettPackard/galadriel/pkg/server/api/harvester/harvester.gen.go:143.62,145.2 1 0
github.com/HewlettPackard/galadriel/pkg/server/api/harvester/harvester.gen.go:149.89,160.2 5 0
github.com/HewlettPackard/galadriel/pkg/harvester/client/server.go:26.78,36.2 2 0
github.com/HewlettPackard/galadriel/pkg/harvester/client/server.go:38.67,41.16 3 0
github.com/HewlettPackard/galadriel/pkg/harvester/client/server.go:44.2,47.16 3 0
github.com/HewlettPackard/galadriel/pkg/harvester/client/server.go:50.2,52.28 2 0
github.com/HewlettPackard/galadriel/pkg/harvester/client/server.go:56.2,58.12 3 0
github.com/HewlettPackard/galadriel/pkg/harvester/client/server.go:41.16,43.3 1 0
github.com/HewlettPackard/galadriel/pkg/harvester/client/server.go:47.16,49.3 1 0
github.com/HewlettPackard/galadriel/pkg/harvester/client/server.go:52.28,54.3 1 0
github.com/HewlettPackard/galadriel/pkg/harvester/client/server.go:61.68,63.2 1 0
github.com/HewlettPackard/galadriel/pkg/harvester/client/server.go:65.75,67.2 1 0
github.com/HewlettPackard/galadriel/cmd/server/util/client.go:22.59,24.73 1 0
github.com/HewlettPackard/galadriel/cmd/server/util/client.go:28.2,32.32 2 0
github.com/HewlettPackard/galadriel/cmd/server/util/client.go:24.73,27.4 2 0
github.com/HewlettPackard/galadriel/cmd/server/util/client.go:39.61,42.16 3 0
github.com/HewlettPackard/galadriel/cmd/server/util/client.go:45.2,48.16 3 0
github.com/HewlettPackard/galadriel/cmd/server/util/client.go:51.2,51.23 1 0
github.com/HewlettPackard/galadriel/cmd/server/util/client.go:42.16,44.3 1 0
github.com/HewlettPackard/galadriel/cmd/server/util/client.go:48.16,50.3 1 0
github.com/HewlettPackard/galadriel/pkg/server/server.go:18.34,20.2 1 0
github.com/HewlettPackard/galadriel/pkg/server/server.go:23.49,24.35 1 0
github.com/HewlettPackard/galadriel/pkg/server/server.go:27.2,27.12 1 0
github.com/HewlettPackard/galadriel/pkg/server/server.go:24.35,26.3 1 0
github.com/HewlettPackard/galadriel/pkg/server/server.go:30.55,32.16 2 0
github.com/HewlettPackard/galadriel/pkg/server/server.go:35.2,38.16 3 0
github.com/HewlettPackard/galadriel/pkg/server/server.go:42.2,47.38 3 0
github.com/HewlettPackard/galadriel/pkg/server/server.go:50.2,50.12 1 0
github.com/HewlettPackard/galadriel/pkg/server/server.go:32.16,34.3 1 0
github.com/HewlettPackard/galadriel/pkg/server/server.go:38.16,40.3 1 0
github.com/HewlettPackard/galadriel/pkg/server/server.go:47.38,49.3 1 0
github.com/HewlettPackard/galadriel/pkg/server/server.go:53.84,62.2 2 0
github.com/HewlettPackard/galadriel/cmd/harvester/cli/management.go:7.41,13.2 1 1
github.com/HewlettPackard/galadriel/cmd/harvester/cli/management.go:15.13,18.2 2 1
github.com/HewlettPackard/galadriel/cmd/harvester/cli/run.go:15.33,20.55 1 1
github.com/HewlettPackard/galadriel/cmd/harvester/cli/run.go:20.55,23.18 2 0
github.com/HewlettPackard/galadriel/cmd/harvester/cli/run.go:27.4,33.18 5 0
github.com/HewlettPackard/galadriel/cmd/harvester/cli/run.go:37.4,38.14 2 0
github.com/HewlettPackard/galadriel/cmd/harvester/cli/run.go:23.18,25.5 1 0
github.com/HewlettPackard/galadriel/cmd/harvester/cli/run.go:33.18,35.5 1 0
github.com/HewlettPackard/galadriel/cmd/harvester/cli/run.go:43.64,45.16 2 0
github.com/HewlettPackard/galadriel/cmd/harvester/cli/run.go:49.2,49.22 1 0
github.com/HewlettPackard/galadriel/cmd/harvester/cli/run.go:53.2,54.16 2 0
github.com/HewlettPackard/galadriel/cmd/harvester/cli/run.go:58.2,59.16 2 0
github.com/HewlettPackard/galadriel/cmd/harvester/cli/run.go:62.2,65.16 3 0
github.com/HewlettPackard/galadriel/cmd/harvester/cli/run.go:69.2,70.16 2 0
github.com/HewlettPackard/galadriel/cmd/harvester/cli/run.go:74.2,76.16 2 0
github.com/HewlettPackard/galadriel/cmd/harvester/cli/run.go:45.16,47.3 1 0
github.com/HewlettPackard/galadriel/cmd/harvester/cli/run.go:49.22,51.3 1 0
github.com/HewlettPackard/galadriel/cmd/harvester/cli/run.go:54.16,56.3 1 0
github.com/HewlettPackard/galadriel/cmd/harvester/cli/run.go:59.16,61.3 1 0
github.com/HewlettPackard/galadriel/cmd/harvester/cli/run.go:65.16,67.3 1 0
github.com/HewlettPackard/galadriel/cmd/harvester/cli/run.go:70.16,72.3 1 0
github.com/HewlettPackard/galadriel/cmd/harvester/cli/run.go:79.13,84.2 4 1
github.com/HewlettPackard/galadriel/cmd/server/cli/config.go:32.53,34.19 1 0
github.com/HewlettPackard/galadriel/cmd/server/cli/config.go:38.2,39.16 2 0
github.com/HewlettPackard/galadriel/cmd/server/cli/config.go:43.2,43.31 1 0
github.com/HewlettPackard/galadriel/cmd/server/cli/config.go:34.19,36.3 1 0
github.com/HewlettPackard/galadriel/cmd/server/cli/config.go:39.16,41.3 1 0
github.com/HewlettPackard/galadriel/cmd/server/cli/config.go:47.57,52.16 4 0
github.com/HewlettPackard/galadriel/cmd/server/cli/config.go:56.2,59.16 3 0
github.com/HewlettPackard/galadriel/cmd/server/cli/config.go:63.2,66.16 3 0
github.com/HewlettPackard/galadriel/cmd/server/cli/config.go:52.16,54.3 1 0
github.com/HewlettPackard/galadriel/cmd/server/cli/config.go:59.16,61.3 1 0
github.com/HewlettPackard/galadriel/cmd/server/cli/config.go:69.53,72.65 2 0
github.com/HewlettPackard/galadriel/cmd/server/cli/config.go:76.2,76.26 1 0
github.com/HewlettPackard/galadriel/cmd/server/cli/config.go:80.2,82.21 2 0
github.com/HewlettPackard/galadriel/cmd/server/cli/config.go:72.65,74.3 1 0
github.com/HewlettPackard/galadriel/cmd/server/cli/config.go:76.26,78.3 1 0
github.com/HewlettPackard/galadriel/cmd/server/cli/config.go:85.32,86.34 1 0
github.com/HewlettPackard/galadriel/cmd/server/cli/config.go:90.2,90.30 1 0
github.com/HewlettPackard/galadriel/cmd/server/cli/config.go:94.2,94.31 1 0
github.com/HewlettPackard/galadriel/cmd/server/cli/config.go:86.34,88.3 1 0
github.com/HewlettPackard/galadriel/cmd/server/cli/config.go:90.30,92.3 1 0
github.com/HewlettPackard/galadriel/cmd/server/cli/config.go:94.31,96.3 1 0
github.com/HewlettPackard/galadriel/pkg/common/util/token.go:8.38,10.16 2 0
github.com/HewlettPackard/galadriel/pkg/common/util/token.go:13.2,13.28 1 0
github.com/HewlettPackard/galadriel/pkg/common/util/token.go:10.16,12.3 1 0
github.com/HewlettPackard/galadriel/pkg/harvester/api/api.go:24.64,30.2 1 0
github.com/HewlettPackard/galadriel/pkg/harvester/api/api.go:32.50,38.2 3 0
github.com/HewlettPackard/galadriel/pkg/harvester/api/api.go:40.88,43.2 2 0
github.com/HewlettPackard/galadriel/pkg/harvester/api/api.go:45.78,48.2 2 0
github.com/HewlettPackard/galadriel/cmd/server/cli/run.go:17.33,22.55 1 1
github.com/HewlettPackard/galadriel/cmd/server/cli/run.go:22.55,24.18 2 0
github.com/HewlettPackard/galadriel/cmd/server/cli/run.go:28.4,34.18 5 0
github.com/HewlettPackard/galadriel/cmd/server/cli/run.go:38.4,39.14 2 0
github.com/HewlettPackard/galadriel/cmd/server/cli/run.go:24.18,26.5 1 0
github.com/HewlettPackard/galadriel/cmd/server/cli/run.go:34.18,36.5 1 0
github.com/HewlettPackard/galadriel/cmd/server/cli/run.go:44.61,46.16 2 0
github.com/HewlettPackard/galadriel/cmd/server/cli/run.go:50.2,50.22 1 0
github.com/HewlettPackard/galadriel/cmd/server/cli/run.go:54.2,55.16 2 0
github.com/HewlettPackard/galadriel/cmd/server/cli/run.go:58.2,61.16 3 0
github.com/HewlettPackard/galadriel/cmd/server/cli/run.go:65.2,66.16 2 0
github.com/HewlettPackard/galadriel/cmd/server/cli/run.go:70.2,70.16 1 0
github.com/HewlettPackard/galadriel/cmd/server/cli/run.go:46.16,48.3 1 0
github.com/HewlettPackard/galadriel/cmd/server/cli/run.go:50.22,52.3 1 0
github.com/HewlettPackard/galadriel/cmd/server/cli/run.go:55.16,57.3 1 0
github.com/HewlettPackard/galadriel/cmd/server/cli/run.go:61.16,63.3 1 0
github.com/HewlettPackard/galadriel/cmd/server/cli/run.go:66.16,68.3 1 0
github.com/HewlettPackard/galadriel/cmd/server/cli/run.go:73.13,78.2 3 1
github.com/HewlettPackard/galadriel/cmd/server/main.go:9.13,11.2 1 0
github.com/HewlettPackard/galadriel/pkg/server/api/management/handler.go:13.98,15.2 1 0
github.com/HewlettPackard/galadriel/pkg/server/api/management/handler.go:18.70,20.2 1 0
github.com/HewlettPackard/galadriel/pkg/server/api/management/handler.go:23.91,25.2 1 0
github.com/HewlettPackard/galadriel/pkg/server/api/management/handler.go:28.91,30.2 1 0
github.com/HewlettPackard/galadriel/pkg/server/api/management/handler.go:33.91,35.2 1 0
github.com/HewlettPackard/galadriel/pkg/harvester/spire/spire.go:33.78,35.16 2 0
github.com/HewlettPackard/galadriel/pkg/harvester/spire/spire.go:39.2,42.3 1 0
github.com/HewlettPackard/galadriel/pkg/harvester/spire/spire.go:35.16,36.13 1 0
github.com/HewlettPackard/galadriel/pkg/harvester/spire/spire.go:45.89,47.16 2 0
github.com/HewlettPackard/galadriel/pkg/harvester/spire/spire.go:51.2,51.20 1 0
github.com/HewlettPackard/galadriel/pkg/harvester/spire/spire.go:47.16,49.3 1 0
github.com/HewlettPackard/galadriel/pkg/harvester/spire/spire.go:56.91,59.26 2 0
github.com/HewlettPackard/galadriel/pkg/harvester/spire/spire.go:64.2,65.16 2 0
github.com/HewlettPackard/galadriel/pkg/harvester/spire/spire.go:69.2,70.16 2 0
github.com/HewlettPackard/galadriel/pkg/harvester/spire/spire.go:74.2,74.20 1 0
github.com/HewlettPackard/galadriel/pkg/harvester/spire/spire.go:59.26,61.3 1 0
github.com/HewlettPackard/galadriel/pkg/harvester/spire/spire.go:61.8,63.3 1 0
github.com/HewlettPackard/galadriel/pkg/harvester/spire/spire.go:65.16,67.3 1 0
github.com/HewlettPackard/galadriel/pkg/harvester/spire/spire.go:70.16,72.3 1 0
github.com/HewlettPackard/galadriel/pkg/harvester/spire/spire.go:77.67,78.23 1 0
github.com/HewlettPackard/galadriel/pkg/harvester/spire/spire.go:82.2,86.8 1 0
github.com/HewlettPackard/galadriel/pkg/harvester/spire/spire.go:78.23,80.3 1 0
github.com/HewlettPackard/galadriel/pkg/harvester/controller/controller.go:29.96,32.16 3 0
github.com/HewlettPackard/galadriel/pkg/harvester/controller/controller.go:36.2,40.8 1 0
github.com/HewlettPackard/galadriel/pkg/harvester/controller/controller.go:32.16,34.3 1 0
github.com/HewlettPackard/galadriel/pkg/harvester/controller/controller.go:43.62,50.2 4 0
github.com/HewlettPackard/galadriel/pkg/harvester/controller/controller.go:52.56,53.6 1 0
github.com/HewlettPackard/galadriel/pkg/harvester/controller/controller.go:53.6,54.10 1 0
github.com/HewlettPackard/galadriel/pkg/harvester/controller/controller.go:55.21,57.10 2 0
github.com/HewlettPackard/galadriel/cmd/harvester/cli/cli.go:22.34,27.2 1 1
github.com/HewlettPackard/galadriel/cmd/harvester/cli/cli.go:29.16,31.16 2 0
github.com/HewlettPackard/galadriel/cmd/harvester/cli/cli.go:35.2,35.10 1 0
github.com/HewlettPackard/galadriel/cmd/harvester/cli/cli.go:31.16,33.3 1 0
github.com/HewlettPackard/galadriel/cmd/harvester/cli/cli.go:38.37,40.2 1 0
github.com/HewlettPackard/galadriel/cmd/harvester/cli/cli.go:42.38,44.16 2 0
github.com/HewlettPackard/galadriel/cmd/harvester/cli/cli.go:48.2,48.12 1 0
github.com/HewlettPackard/galadriel/cmd/harvester/cli/cli.go:44.16,46.3 1 0
github.com/HewlettPackard/galadriel/cmd/server/cli/cli.go:15.16,17.2 1 0
github.com/HewlettPackard/galadriel/cmd/server/cli/cli.go:19.31,21.2 1 0
github.com/HewlettPackard/galadriel/cmd/server/cli/root.go:10.34,15.2 1 0
github.com/HewlettPackard/galadriel/cmd/server/cli/root.go:17.20,19.16 2 0
github.com/HewlettPackard/galadriel/cmd/server/cli/root.go:23.2,23.10 1 0
github.com/HewlettPackard/galadriel/cmd/server/cli/root.go:19.16,21.3 1 0
github.com/HewlettPackard/galadriel/pkg/server/endpoints/endpoints.go:33.41,34.62 1 0
github.com/HewlettPackard/galadriel/pkg/server/endpoints/endpoints.go:38.2,43.8 1 0
github.com/HewlettPackard/galadriel/pkg/server/endpoints/endpoints.go:34.62,36.3 1 0
github.com/HewlettPackard/galadriel/pkg/server/endpoints/endpoints.go:46.63,53.16 3 0
github.com/HewlettPackard/galadriel/pkg/server/endpoints/endpoints.go:57.2,57.12 1 0
github.com/HewlettPackard/galadriel/pkg/server/endpoints/endpoints.go:53.16,55.3 1 0
github.com/HewlettPackard/galadriel/pkg/server/endpoints/endpoints.go:60.61,63.54 2 0
github.com/HewlettPackard/galadriel/pkg/server/endpoints/endpoints.go:74.2,76.12 3 0
github.com/HewlettPackard/galadriel/pkg/server/endpoints/endpoints.go:80.2,81.9 2 0
github.com/HewlettPackard/galadriel/pkg/server/endpoints/endpoints.go:63.54,66.17 3 0
github.com/HewlettPackard/galadriel/pkg/server/endpoints/endpoints.go:69.3,69.47 1 0
github.com/HewlettPackard/galadriel/pkg/server/endpoints/endpoints.go:66.17,68.4 1 0
github.com/HewlettPackard/galadriel/pkg/server/endpoints/endpoints.go:76.12,78.3 1 0
github.com/HewlettPackard/galadriel/pkg/server/endpoints/endpoints.go:82.23,84.13 2 0
github.com/HewlettPackard/galadriel/pkg/server/endpoints/endpoints.go:85.20,90.13 5 0
github.com/HewlettPackard/galadriel/pkg/server/endpoints/endpoints.go:95.56,97.26 2 0
github.com/HewlettPackard/galadriel/pkg/server/endpoints/endpoints.go:100.2,105.12 4 0
github.com/HewlettPackard/galadriel/pkg/server/endpoints/endpoints.go:97.26,99.3 1 0
github.com/HewlettPackard/galadriel/pkg/server/endpoints/endpoints.go:108.61,112.16 3 0
github.com/HewlettPackard/galadriel/pkg/server/endpoints/endpoints.go:115.2,121.12 5 0
github.com/HewlettPackard/galadriel/pkg/server/endpoints/endpoints.go:125.2,125.9 1 0
github.com/HewlettPackard/galadriel/pkg/server/endpoints/endpoints.go:112.16,114.3 1 0
github.com/HewlettPackard/galadriel/pkg/server/endpoints/endpoints.go:121.12,123.3 1 0
github.com/HewlettPackard/galadriel/pkg/server/endpoints/endpoints.go:126.23,128.13 2 0
github.com/HewlettPackard/galadriel/pkg/server/endpoints/endpoints.go:129.20,134.13 5 0
github.com/HewlettPackard/galadriel/pkg/server/endpoints/endpoints.go:138.54,140.2 1 0
github.com/HewlettPackard/galadriel/pkg/server/endpoints/endpoints.go:142.63,143.73 1 0
github.com/HewlettPackard/galadriel/pkg/server/endpoints/endpoints.go:143.73,146.17 2 0
github.com/HewlettPackard/galadriel/pkg/server/endpoints/endpoints.go:152.3,158.17 3 0
github.com/HewlettPackard/galadriel/pkg/server/endpoints/endpoints.go:164.3,165.17 2 0
github.com/HewlettPackard/galadriel/pkg/server/endpoints/endpoints.go:146.17,150.4 3 0
github.com/HewlettPackard/galadriel/pkg/server/endpoints/endpoints.go:158.17,162.4 3 0
github.com/HewlettPackard/galadriel/pkg/server/endpoints/endpoints.go:165.17,169.4 3 0
github.com/HewlettPackard/galadriel/pkg/common/util/addr.go:12.65,14.16 2 0
github.com/HewlettPackard/galadriel/pkg/common/util/addr.go:18.2,21.8 1 0
github.com/HewlettPackard/galadriel/pkg/common/util/addr.go:14.16,16.3 1 0
github.com/HewlettPackard/galadriel/pkg/common/util/addr.go:25.49,26.76 1 0
github.com/HewlettPackard/galadriel/pkg/common/util/addr.go:30.2,30.12 1 0
github.com/HewlettPackard/galadriel/pkg/common/util/addr.go:26.76,28.3 1 0
github.com/HewlettPackard/galadriel/pkg/common/util/task.go:12.79,15.15 3 0
github.com/HewlettPackard/galadriel/pkg/common/util/task.go:20.2,22.64 2 0
github.com/HewlettPackard/galadriel/pkg/common/util/task.go:32.2,33.29 2 0
github.com/HewlettPackard/galadriel/pkg/common/util/task.go:40.2,40.44 1 0
github.com/HewlettPackard/galadriel/pkg/common/util/task.go:52.2,52.12 1 0
github.com/HewlettPackard/galadriel/pkg/common/util/task.go:15.15,18.3 2 0
github.com/HewlettPackard/galadriel/pkg/common/util/task.go:22.64,23.16 1 0
github.com/HewlettPackard/galadriel/pkg/common/util/task.go:29.3,29.19 1 0
github.com/HewlettPackard/galadriel/pkg/common/util/task.go:23.16,24.32 1 0
github.com/HewlettPackard/galadriel/pkg/common/util/task.go:27.4,27.13 1 0
github.com/HewlettPackard/galadriel/pkg/common/util/task.go:24.32,26.5 1 0
github.com/HewlettPackard/galadriel/pkg/common/util/task.go:33.29,35.13 2 0
github.com/HewlettPackard/galadriel/pkg/common/util/task.go:35.13,37.4 1 0
github.com/HewlettPackard/galadriel/pkg/common/util/task.go:40.44,41.10 1 0
github.com/HewlettPackard/galadriel/pkg/common/util/task.go:42.21,43.20 1 0
github.com/HewlettPackard/galadriel/pkg/common/util/task.go:44.23,45.18 1 0
github.com/HewlettPackard/galadriel/pkg/common/util/task.go:48.4,48.14 1 0
github.com/HewlettPackard/galadriel/pkg/common/util/task.go:45.18,47.5 1 0
github.com/HewlettPackard/galadriel/cmd/harvester/cli/config.go:29.53,31.19 1 0
github.com/HewlettPackard/galadriel/cmd/harvester/cli/config.go:35.2,36.16 2 0
github.com/HewlettPackard/galadriel/cmd/harvester/cli/config.go:40.2,40.31 1 0
github.com/HewlettPackard/galadriel/cmd/harvester/cli/config.go:31.19,33.3 1 0
github.com/HewlettPackard/galadriel/cmd/harvester/cli/config.go:36.16,38.3 1 0
github.com/HewlettPackard/galadriel/cmd/harvester/cli/config.go:44.63,48.16 3 0
github.com/HewlettPackard/galadriel/cmd/harvester/cli/config.go:52.2,58.16 4 0
github.com/HewlettPackard/galadriel/cmd/harvester/cli/config.go:48.16,50.3 1 0
github.com/HewlettPackard/galadriel/cmd/harvester/cli/config.go:61.53,64.65 2 0
github.com/HewlettPackard/galadriel/cmd/harvester/cli/config.go:68.2,68.29 1 0
github.com/HewlettPackard/galadriel/cmd/harvester/cli/config.go:72.2,74.21 2 0
github.com/HewlettPackard/galadriel/cmd/harvester/cli/config.go:64.65,66.3 1 0
github.com/HewlettPackard/galadriel/cmd/harvester/cli/config.go:68.29,70.3 1 0
github.com/HewlettPackard/galadriel/cmd/harvester/cli/config.go:77.32,78.39 1 0
github.com/HewlettPackard/galadriel/cmd/harvester/cli/config.go:78.39,80.3 1 0
github.com/HewlettPackard/galadriel/pkg/harvester/harvester.go:23.37,27.2 1 0
github.com/HewlettPackard/galadriel/pkg/harvester/harvester.go:30.52,34.17 3 0
github.com/HewlettPackard/galadriel/pkg/harvester/harvester.go:38.2,39.16 2 0
github.com/HewlettPackard/galadriel/pkg/harvester/harvester.go:43.2,44.16 2 0
github.com/HewlettPackard/galadriel/pkg/harvester/harvester.go:48.2,55.16 3 0
github.com/HewlettPackard/galadriel/pkg/harvester/harvester.go:59.2,64.38 3 0
github.com/HewlettPackard/galadriel/pkg/harvester/harvester.go:67.2,67.12 1 0
github.com/HewlettPackard/galadriel/pkg/harvester/harvester.go:34.17,36.3 1 0
github.com/HewlettPackard/galadriel/pkg/harvester/harvester.go:39.16,41.3 1 0
github.com/HewlettPackard/galadriel/pkg/harvester/harvester.go:44.16,46.3 1 0
github.com/HewlettPackard/galadriel/pkg/harvester/harvester.go:55.16,57.3 1 0
github.com/HewlettPackard/galadriel/pkg/harvester/harvester.go:64.38,66.3 1 0
github.com/HewlettPackard/galadriel/pkg/harvester/harvester.go:70.29,72.2 0 0
github.com/HewlettPackard/galadriel/pkg/server/catalog/catalog.go:20.57,22.2 1 0
github.com/HewlettPackard/galadriel/pkg/server/catalog/catalog.go:24.31,26.2 0 0
github.com/HewlettPackard/galadriel/pkg/server/catalog/catalog.go:33.68,42.2 3 0
github.com/HewlettPackard/galadriel/pkg/harvester/catalog/catalog.go:18.31,20.2 0 0
github.com/HewlettPackard/galadriel/pkg/harvester/catalog/catalog.go:27.68,33.2 2 0
